2018-08-24 07:11:08,530, UserController, [ERROR]: User with this name is already exist
2018-08-24 07:11:08,530, UserController, [ERROR]: User with this name is already exist
2018-08-24 07:11:08,533, UserController, [ERROR]: User with this name is already exist
2018-08-24 07:11:08,533, UserController, [ERROR]: User with this name is already exist
2018-08-24 07:11:08,533, UserController, [ERROR]: User with this name is already exist
2018-08-24 07:11:08,535, UserController, [ERROR]: User with this name is already exist
2018-08-24 07:11:08,535, UserController, [ERROR]: User with this name is already exist
2018-08-24 07:11:08,535, UserController, [ERROR]: User with this name is already exist
2018-08-24 07:11:08,535, UserController, [ERROR]: User with this name is already exist
2018-08-24 12:48:30,414, ProjectController, [ERROR]: You are not the Creator of the project
2018-08-24 12:49:07,434, ProjectController, [ERROR]: You are not the Creator of the project
2018-08-24 13:36:12,810, ProjectController, [ERROR]: User Kiryha228 is already exist in this project
2018-08-24 14:31:00,268, TaskController, [ERROR]: StartDate is before today
2018-08-25 19:30:59,553, ProjectController, [ERROR]: Kiryha228 are not the Creator of the project
2018-08-25 19:32:07,693, ProjectController, [ERROR]: Kiryha228 are not the Creator of the project
2018-08-25 19:33:35,288, ProjectController, [ERROR]: Kiryha228 are not the Creator of the project
2018-08-25 22:01:24,681, CategoryController, [ERROR]: User Kiryha228 have not permission to create category in this project
2018-08-25 23:02:53,232, TaskController, [ERROR]: StartDate is before today
2018-08-25 23:03:05,957, TaskController, [ERROR]: StartDate is before today
2018-08-25 23:11:51,755, TaskController, [ERROR]: StartDate is before today
2018-08-25 23:12:26,655, TaskController, [ERROR]: StartDate is before today
2018-08-25 23:46:57,675, TaskController, [ERROR]: EndDate is before today
2018-08-26 00:30:35,375, TaskController, [ERROR]: Subtask date error
2018-08-26 13:54:22,627, UserController, [ERROR]: Error. User with name Kiryha228 can't be registred. User with this name is already registed
2018-08-26 14:01:53,546, UserController, [ERROR]: Error. There is no user with username no_user
2018-08-26 14:05:09,640, UserController, [ERROR]: Error. There is no user with username no_user
2018-08-26 14:05:39,158, UserController, [ERROR]: Error. There is no user with username no_user
2018-08-26 14:05:39,160, UserController, [ERROR]: Error. User with name tester can't be registred. User with this name is already registed
2018-08-26 14:17:11,622, UserController, [ERROR]: Error. There is no user with username no_user
2018-08-26 14:17:11,628, UserController, [ERROR]: Error. User with name tester can't be registred. User with this name/email is already registed
2018-08-26 14:17:11,633, UserController, [ERROR]: Error. User with name tester can't be registred. User with this name/email is already registed
2018-08-26 14:21:09,696, UserController, [ERROR]: There is no user with 'adm1n' username
2018-08-26 14:21:09,733, UserController, [ERROR]: Error. There is no user with username no_user
2018-08-26 14:21:09,734, UserController, [ERROR]: Error. User with name tester can't be registred. User with this name/email is already registed
2018-08-26 14:21:09,736, UserController, [ERROR]: Error. User with name tester can't be registred. User with this name/email is already registed
2018-08-26 15:01:35,281, UserController, [ERROR]: There is no user with 'adm1n' username
2018-08-26 15:01:35,317, UserController, [ERROR]: Error. There is no user with username no_user
2018-08-26 15:01:35,319, UserController, [ERROR]: Error. User with name tester can't be registred. User with this name/email is already registed
2018-08-26 15:01:35,321, UserController, [ERROR]: Error. User with name tester can't be registred. User with this name/email is already registed
2018-08-26 15:01:44,154, UserController, [ERROR]: There is no user with 'adm1n' username
2018-08-26 15:01:44,197, UserController, [ERROR]: Error. There is no user with username no_user
2018-08-26 15:01:44,201, UserController, [ERROR]: Error. User with name tester can't be registred. User with this name/email is already registed
2018-08-26 15:01:44,204, UserController, [ERROR]: Error. User with name tester can't be registred. User with this name/email is already registed
2018-08-26 15:04:36,573, UserController, [ERROR]: There is no user with 'adm1n' username
2018-08-26 15:04:36,575, UserController, [ERROR]: There is no user with -1 id
2018-08-26 15:04:36,625, UserController, [ERROR]: Error. There is no user with username no_user
2018-08-26 15:04:36,630, UserController, [ERROR]: Error. User with name tester can't be registred. User with this name/email is already registed
2018-08-26 15:04:36,634, UserController, [ERROR]: Error. User with name tester can't be registred. User with this name/email is already registed
2018-08-26 15:04:55,149, UserController, [ERROR]: There is no user with 'adm1n' username
2018-08-26 15:04:55,151, UserController, [ERROR]: There is no user with -1 id
2018-08-26 15:04:55,226, UserController, [ERROR]: Error. There is no user with username no_user
2018-08-26 15:04:55,231, UserController, [ERROR]: Error. User with name tester can't be registred. User with this name/email is already registed
2018-08-26 15:04:55,236, UserController, [ERROR]: Error. User with name tester can't be registred. User with this name/email is already registed
2018-08-26 15:05:06,812, UserController, [ERROR]: There is no user with 'adm1n' username
2018-08-26 15:05:06,814, UserController, [ERROR]: There is no user with -1 id
2018-08-26 15:05:06,844, UserController, [ERROR]: Error. There is no user with username no_user
2018-08-26 15:05:06,846, UserController, [ERROR]: Error. User with name tester can't be registred. User with this name/email is already registed
2018-08-26 15:05:06,848, UserController, [ERROR]: Error. User with name tester can't be registred. User with this name/email is already registed
2018-08-26 15:05:21,596, UserController, [ERROR]: There is no user with 'adm1n' username
2018-08-26 15:05:21,623, UserController, [ERROR]: Error. There is no user with username no_user
2018-08-26 15:05:21,624, UserController, [ERROR]: Error. User with name tester can't be registred. User with this name/email is already registed
2018-08-26 15:05:21,626, UserController, [ERROR]: Error. User with name tester can't be registred. User with this name/email is already registed
2018-08-26 15:05:40,824, UserController, [ERROR]: There is no user with 'adm1n' username
2018-08-26 15:05:40,868, UserController, [ERROR]: Error. There is no user with username no_user
2018-08-26 15:05:40,870, UserController, [ERROR]: Error. User with name tester can't be registred. User with this name/email is already registed
2018-08-26 15:05:40,872, UserController, [ERROR]: Error. User with name tester can't be registred. User with this name/email is already registed
2018-08-26 15:07:04,365, UserController, [ERROR]: There is no user with 'adm1n' username
2018-08-26 15:07:04,367, UserController, [ERROR]: There is no user with -1 id
2018-08-26 15:07:04,484, UserController, [ERROR]: Error. There is no user with username no_user
2018-08-26 15:07:04,490, UserController, [ERROR]: Error. User with name tester can't be registred. User with this name/email is already registed
2018-08-26 15:07:04,494, UserController, [ERROR]: Error. User with name tester can't be registred. User with this name/email is already registed
2018-08-26 15:14:27,454, UserController, [ERROR]: There is no user with 'adm1n' username
2018-08-26 15:14:27,470, UserController, [ERROR]: There is no user with -1 id
2018-08-26 15:14:27,515, UserController, [ERROR]: Error. There is no user with username no_user
2018-08-26 15:14:27,519, UserController, [ERROR]: Error. User with name tester can't be registred. User with this name/email is already registed
2018-08-26 15:14:27,522, UserController, [ERROR]: Error. User with name tester can't be registred. User with this name/email is already registed
2018-08-26 15:16:24,295, UserController, [ERROR]: There is no user with 'adm1n' username
2018-08-26 15:16:24,296, UserController, [ERROR]: There is no user with -1 id
2018-08-26 15:16:24,326, UserController, [ERROR]: Error. There is no user with username no_user
2018-08-26 15:16:24,327, UserController, [ERROR]: Error. User with name tester can't be registred. User with this name/email is already registed
2018-08-26 15:16:24,329, UserController, [ERROR]: Error. User with name tester can't be registred. User with this name/email is already registed
2018-08-26 15:17:22,242, UserController, [ERROR]: There is no user with 'adm1n' username
2018-08-26 15:17:22,244, UserController, [ERROR]: There is no user with -1 id
2018-08-26 15:17:22,286, UserController, [ERROR]: Error. There is no user with username no_user
2018-08-26 15:17:22,291, UserController, [ERROR]: Error. User with name tester can't be registred. User with this name/email is already registed
2018-08-26 15:17:22,298, UserController, [ERROR]: Error. User with name tester can't be registred. User with this name/email is already registed
2018-08-26 15:18:31,243, UserController, [ERROR]: There is no user with 'adm1n' username
2018-08-26 15:18:31,244, UserController, [ERROR]: There is no user with -1 id
2018-08-26 15:18:31,285, UserController, [ERROR]: Error. There is no user with username no_user
2018-08-26 15:18:31,287, UserController, [ERROR]: Error. User with name tester can't be registred. User with this name/email is already registed
2018-08-26 15:18:31,290, UserController, [ERROR]: Error. User with name tester can't be registred. User with this name/email is already registed
2018-08-26 15:20:33,697, UserController, [ERROR]: There is no user with 'adm1n' username
2018-08-26 15:20:33,699, UserController, [ERROR]: There is no user with -1 id
2018-08-26 15:20:33,787, UserController, [ERROR]: Error. There is no user with username no_user
2018-08-26 15:20:33,790, UserController, [ERROR]: Error. User with name tester can't be registred. User with this name/email is already registed
2018-08-26 15:20:33,793, UserController, [ERROR]: Error. User with name tester can't be registred. User with this name/email is already registed
2018-08-26 15:21:31,461, UserController, [ERROR]: There is no user with 'adm1n' username
2018-08-26 15:21:31,463, UserController, [ERROR]: There is no user with -1 id
2018-08-26 15:21:31,488, UserController, [ERROR]: Error. There is no user with username no_user
2018-08-26 15:21:31,489, UserController, [ERROR]: Error. User with name tester can't be registred. User with this name/email is already registed
2018-08-26 15:21:31,490, UserController, [ERROR]: Error. User with name tester can't be registred. User with this name/email is already registed
2018-08-26 15:21:59,917, UserController, [ERROR]: There is no user with 'adm1n' username
2018-08-26 15:21:59,919, UserController, [ERROR]: There is no user with -1 id
2018-08-26 15:21:59,957, UserController, [ERROR]: Error. There is no user with username no_user
2018-08-26 15:21:59,960, UserController, [ERROR]: Error. User with name tester can't be registred. User with this name/email is already registed
2018-08-26 15:21:59,963, UserController, [ERROR]: Error. User with name tester can't be registred. User with this name/email is already registed
2018-08-26 15:22:51,652, UserController, [ERROR]: There is no user with 'adm1n' username
2018-08-26 15:22:51,653, UserController, [ERROR]: There is no user with -1 id
2018-08-26 15:22:51,691, UserController, [ERROR]: Error. There is no user with username no_user
2018-08-26 15:22:51,694, UserController, [ERROR]: Error. User with name tester can't be registred. User with this name/email is already registed
2018-08-26 15:22:51,696, UserController, [ERROR]: Error. User with name tester can't be registred. User with this name/email is already registed
2018-08-26 15:22:56,432, UserController, [ERROR]: There is no user with 'adm1n' username
2018-08-26 15:22:56,434, UserController, [ERROR]: There is no user with -1 id
2018-08-26 15:22:56,457, UserController, [ERROR]: Error. There is no user with username no_user
2018-08-26 15:22:56,459, UserController, [ERROR]: Error. User with name tester can't be registred. User with this name/email is already registed
2018-08-26 15:22:56,461, UserController, [ERROR]: Error. User with name tester can't be registred. User with this name/email is already registed
2018-08-26 15:25:00,653, UserController, [ERROR]: There is no user with 'adm1n' username
2018-08-26 15:25:00,655, UserController, [ERROR]: There is no user with -1 id
2018-08-26 15:25:00,687, UserController, [ERROR]: Error. There is no user with username no_user
2018-08-26 15:25:00,692, UserController, [ERROR]: Error. User with name tester can't be registred. User with this name/email is already registed
2018-08-26 15:25:00,697, UserController, [ERROR]: Error. User with name tester can't be registred. User with this name/email is already registed
2018-08-26 15:30:04,130, UserController, [ERROR]: There is no user with 'adm1n' username
2018-08-26 15:30:04,138, UserController, [ERROR]: There is no user with -1 id
2018-08-26 15:30:04,188, UserController, [ERROR]: Error. There is no user with username no_user
2018-08-26 15:30:04,191, UserController, [ERROR]: Error. User with name tester can't be registred. User with this name/email is already registed
2018-08-26 15:30:04,193, UserController, [ERROR]: Error. User with name tester can't be registred. User with this name/email is already registed
2018-08-26 15:30:20,181, UserController, [ERROR]: There is no user with 'adm1n' username
2018-08-26 15:30:20,183, UserController, [ERROR]: There is no user with -1 id
2018-08-26 15:30:20,210, UserController, [ERROR]: Error. There is no user with username no_user
2018-08-26 15:30:20,211, UserController, [ERROR]: Error. User with name tester can't be registred. User with this name/email is already registed
2018-08-26 15:30:20,213, UserController, [ERROR]: Error. User with name tester can't be registred. User with this name/email is already registed
2018-08-26 15:30:49,639, UserController, [ERROR]: There is no user with 'adm1n' username
2018-08-26 15:30:49,641, UserController, [ERROR]: There is no user with -1 id
2018-08-26 15:30:49,666, UserController, [ERROR]: Error. There is no user with username no_user
2018-08-26 15:30:49,668, UserController, [ERROR]: Error. User with name tester can't be registred. User with this name/email is already registed
2018-08-26 15:30:49,670, UserController, [ERROR]: Error. User with name tester can't be registred. User with this name/email is already registed
2018-08-26 15:33:02,053, UserController, [ERROR]: There is no user with 'adm1n' username
2018-08-26 15:33:02,073, UserController, [ERROR]: There is no user with -1 id
2018-08-26 15:33:02,128, UserController, [ERROR]: Error. There is no user with username no_user
2018-08-26 15:33:02,133, UserController, [ERROR]: Error. User with name tester can't be registred. User with this name/email is already registed
2018-08-26 15:33:02,137, UserController, [ERROR]: Error. User with name tester can't be registred. User with this name/email is already registed
2018-08-26 15:44:13,322, UserController, [ERROR]: There is no user with 'adm1n' username
2018-08-26 15:44:13,324, UserController, [ERROR]: There is no user with -1 id
2018-08-26 15:44:13,361, UserController, [ERROR]: Error. There is no user with username no_user
2018-08-26 15:44:13,363, UserController, [ERROR]: Error. User with name tester can't be registred. User with this name/email is already registed
2018-08-26 15:44:13,366, UserController, [ERROR]: Error. User with name tester can't be registred. User with this name/email is already registed
2018-08-26 15:45:44,383, ProjectController, [ERROR]: tester are not the Creator of the project
2018-08-26 15:45:44,391, UserController, [ERROR]: There is no user with 'adm1n' username
2018-08-26 15:45:44,396, UserController, [ERROR]: There is no user with -1 id
2018-08-26 15:45:44,417, UserController, [ERROR]: Error. There is no user with username no_user
2018-08-26 15:45:44,419, UserController, [ERROR]: Error. User with name tester can't be registred. User with this name/email is already registed
2018-08-26 15:45:44,421, UserController, [ERROR]: Error. User with name tester can't be registred. User with this name/email is already registed
2018-08-26 15:49:25,709, ProjectController, [ERROR]: tester are not the Creator of the project
2018-08-26 15:49:25,737, UserController, [ERROR]: There is no user with 'adm1n' username
2018-08-26 15:49:25,739, UserController, [ERROR]: There is no user with -1 id
2018-08-26 15:49:25,936, UserController, [ERROR]: Error. There is no user with username no_user
2018-08-26 15:49:25,942, UserController, [ERROR]: Error. User with name tester can't be registred. User with this name/email is already registed
2018-08-26 15:49:25,948, UserController, [ERROR]: Error. User with name tester can't be registred. User with this name/email is already registed
2018-08-26 15:58:08,611, UserController, [ERROR]: There is no user with 'adm1n' username
2018-08-26 15:58:08,613, UserController, [ERROR]: There is no user with -1 id
2018-08-26 15:58:08,645, UserController, [ERROR]: Error. There is no user with username no_user
2018-08-26 15:58:08,647, UserController, [ERROR]: Error. User with name tester can't be registred. User with this name/email is already registed
2018-08-26 15:58:08,649, UserController, [ERROR]: Error. User with name tester can't be registred. User with this name/email is already registed
2018-08-26 15:59:40,233, ProjectController, [ERROR]: tester are not the Creator of the project
2018-08-26 15:59:40,390, ProjectController, [ERROR]: You are not the Creator of the project
2018-08-26 15:59:40,400, UserController, [ERROR]: There is no user with 'adm1n' username
2018-08-26 15:59:40,402, UserController, [ERROR]: There is no user with -1 id
2018-08-26 15:59:40,423, UserController, [ERROR]: Error. There is no user with username no_user
2018-08-26 15:59:40,425, UserController, [ERROR]: Error. User with name tester can't be registred. User with this name/email is already registed
2018-08-26 15:59:40,426, UserController, [ERROR]: Error. User with name tester can't be registred. User with this name/email is already registed
2018-08-26 16:04:10,667, ProjectController, [ERROR]: You are not the Creator of the project
2018-08-26 16:04:10,804, ProjectController, [ERROR]: You are not the Creator of the project
2018-08-26 16:04:10,810, UserController, [ERROR]: There is no user with 'adm1n' username
2018-08-26 16:04:10,812, UserController, [ERROR]: There is no user with -1 id
2018-08-26 16:04:10,835, UserController, [ERROR]: Error. There is no user with username no_user
2018-08-26 16:04:10,843, UserController, [ERROR]: Error. User with name tester can't be registred. User with this name/email is already registed
2018-08-26 16:04:10,850, UserController, [ERROR]: Error. User with name tester can't be registred. User with this name/email is already registed
2018-08-26 16:05:03,574, ProjectController, [ERROR]: You are not the Creator of the project
2018-08-26 16:07:01,739, ProjectController, [ERROR]: You are not the Creator of the project
2018-08-26 16:07:01,876, ProjectController, [ERROR]: You are not the Creator of the project
2018-08-26 16:07:01,883, UserController, [ERROR]: There is no user with 'adm1n' username
2018-08-26 16:07:01,884, UserController, [ERROR]: There is no user with -1 id
2018-08-26 16:07:01,926, UserController, [ERROR]: Error. There is no user with username no_user
2018-08-26 16:07:01,929, UserController, [ERROR]: Error. User with name tester can't be registred. User with this name/email is already registed
2018-08-26 16:07:01,932, UserController, [ERROR]: Error. User with name tester can't be registred. User with this name/email is already registed
2018-08-26 16:07:31,786, ProjectController, [ERROR]: You are not the Creator of the project
2018-08-26 16:07:32,009, ProjectController, [ERROR]: You are not the Creator of the project
2018-08-26 16:07:32,023, UserController, [ERROR]: There is no user with 'adm1n' username
2018-08-26 16:07:32,025, UserController, [ERROR]: There is no user with -1 id
2018-08-26 16:07:32,051, UserController, [ERROR]: Error. There is no user with username no_user
2018-08-26 16:07:32,057, UserController, [ERROR]: Error. User with name tester can't be registred. User with this name/email is already registed
2018-08-26 16:07:32,065, UserController, [ERROR]: Error. User with name tester can't be registred. User with this name/email is already registed
2018-08-26 16:07:46,836, ProjectController, [ERROR]: You are not the Creator of the project
2018-08-26 16:07:47,099, ProjectController, [ERROR]: You are not the Creator of the project
2018-08-26 16:07:47,107, UserController, [ERROR]: There is no user with 'adm1n' username
2018-08-26 16:07:47,109, UserController, [ERROR]: There is no user with -1 id
2018-08-26 16:07:47,147, UserController, [ERROR]: Error. There is no user with username no_user
2018-08-26 16:07:47,150, UserController, [ERROR]: Error. User with name tester can't be registred. User with this name/email is already registed
2018-08-26 16:07:47,151, UserController, [ERROR]: Error. User with name tester can't be registred. User with this name/email is already registed
2018-08-26 16:07:57,430, ProjectController, [ERROR]: User tester is already exist in this project
2018-08-26 16:07:57,437, UserController, [ERROR]: There is no user with 'adm1n' username
2018-08-26 16:07:57,438, UserController, [ERROR]: There is no user with -1 id
2018-08-26 16:07:57,463, UserController, [ERROR]: Error. There is no user with username no_user
2018-08-26 16:07:57,467, UserController, [ERROR]: Error. User with name tester can't be registred. User with this name/email is already registed
2018-08-26 16:07:57,470, UserController, [ERROR]: Error. User with name tester can't be registred. User with this name/email is already registed
2018-08-26 16:09:07,659, ProjectController, [ERROR]: User tester is already exist in this project
2018-08-26 16:09:07,783, ProjectController, [ERROR]: tester was tried to delete a creator of the project
2018-08-26 16:09:07,789, UserController, [ERROR]: There is no user with 'adm1n' username
2018-08-26 16:09:07,791, UserController, [ERROR]: There is no user with -1 id
2018-08-26 16:09:07,827, UserController, [ERROR]: Error. There is no user with username no_user
2018-08-26 16:09:07,829, UserController, [ERROR]: Error. User with name tester can't be registred. User with this name/email is already registed
2018-08-26 16:09:07,831, UserController, [ERROR]: Error. User with name tester can't be registred. User with this name/email is already registed
2018-08-26 16:10:25,503, ProjectController, [ERROR]: User tester is already exist in this project
2018-08-26 16:10:25,516, ProjectController, [ERROR]: User tester is already exist in this project
2018-08-26 16:10:25,715, UserController, [ERROR]: There is no user with 'adm1n' username
2018-08-26 16:10:25,722, UserController, [ERROR]: There is no user with -1 id
2018-08-26 16:10:25,764, UserController, [ERROR]: Error. There is no user with username no_user
2018-08-26 16:10:25,767, UserController, [ERROR]: Error. User with name tester can't be registred. User with this name/email is already registed
2018-08-26 16:10:25,769, UserController, [ERROR]: Error. User with name tester can't be registred. User with this name/email is already registed
2018-08-26 16:10:39,039, ProjectController, [ERROR]: User tester is already exist in this project
2018-08-26 16:10:39,201, UserController, [ERROR]: There is no user with 'adm1n' username
2018-08-26 16:10:39,204, UserController, [ERROR]: There is no user with -1 id
2018-08-26 16:10:39,230, UserController, [ERROR]: Error. There is no user with username no_user
2018-08-26 16:10:39,232, UserController, [ERROR]: Error. User with name tester can't be registred. User with this name/email is already registed
2018-08-26 16:10:39,235, UserController, [ERROR]: Error. User with name tester can't be registred. User with this name/email is already registed
2018-08-26 16:17:37,174, ProjectController, [ERROR]: User tester is already exist in this project
2018-08-26 16:17:37,377, ProjectController, [ERROR]: User user_for_test is not exist
2018-08-26 16:17:37,384, UserController, [ERROR]: There is no user with 'adm1n' username
2018-08-26 16:17:37,386, UserController, [ERROR]: There is no user with -1 id
2018-08-26 16:17:37,407, UserController, [ERROR]: Error. There is no user with username no_user
2018-08-26 16:17:37,409, UserController, [ERROR]: Error. User with name tester can't be registred. User with this name/email is already registed
2018-08-26 16:17:37,411, UserController, [ERROR]: Error. User with name tester can't be registred. User with this name/email is already registed
2018-08-26 16:20:34,043, ProjectController, [ERROR]: User tester is already exist in this project
2018-08-26 16:20:34,134, ProjectController, [ERROR]: User user_for_test is not exist
2018-08-26 16:20:34,145, UserController, [ERROR]: There is no user with 'adm1n' username
2018-08-26 16:20:34,146, UserController, [ERROR]: There is no user with -1 id
2018-08-26 16:20:34,170, UserController, [ERROR]: Error. There is no user with username no_user
2018-08-26 16:20:34,176, UserController, [ERROR]: Error. User with name tester can't be registred. User with this name/email is already registed
2018-08-26 16:20:34,183, UserController, [ERROR]: Error. User with name tester can't be registred. User with this name/email is already registed
2018-08-26 16:23:19,300, ProjectController, [ERROR]: User tester is already exist in this project
2018-08-26 16:23:19,407, ProjectController, [ERROR]: User KReal is not exist
2018-08-26 16:23:19,418, UserController, [ERROR]: There is no user with 'adm1n' username
2018-08-26 16:23:19,420, UserController, [ERROR]: There is no user with -1 id
2018-08-26 16:23:19,460, UserController, [ERROR]: Error. There is no user with username no_user
2018-08-26 16:23:19,463, UserController, [ERROR]: Error. User with name tester can't be registred. User with this name/email is already registed
2018-08-26 16:23:19,465, UserController, [ERROR]: Error. User with name tester can't be registred. User with this name/email is already registed
2018-08-26 16:25:57,638, ProjectController, [ERROR]: User tester is already exist in this project
2018-08-26 16:25:57,663, ProjectController, [ERROR]: Incorrect password for tester
2018-08-26 16:25:57,741, ProjectController, [ERROR]: User KReal is not exist
2018-08-26 16:25:57,753, UserController, [ERROR]: There is no user with 'adm1n' username
2018-08-26 16:25:57,754, UserController, [ERROR]: There is no user with -1 id
2018-08-26 16:25:57,778, UserController, [ERROR]: Error. There is no user with username no_user
2018-08-26 16:25:57,783, UserController, [ERROR]: Error. User with name tester can't be registred. User with this name/email is already registed
2018-08-26 16:25:57,788, UserController, [ERROR]: Error. User with name tester can't be registred. User with this name/email is already registed
2018-08-26 16:26:14,879, ProjectController, [ERROR]: User tester is already exist in this project
2018-08-26 16:26:14,912, ProjectController, [ERROR]: Incorrect password for tester
2018-08-26 16:26:14,916, UserController, [ERROR]: There is no user with 'tester_no' username
2018-08-26 16:26:15,015, ProjectController, [ERROR]: User KReal is not exist
2018-08-26 16:26:15,026, UserController, [ERROR]: There is no user with 'adm1n' username
2018-08-26 16:26:15,027, UserController, [ERROR]: There is no user with -1 id
2018-08-26 16:26:15,129, UserController, [ERROR]: Error. There is no user with username no_user
2018-08-26 16:26:15,135, UserController, [ERROR]: Error. User with name tester can't be registred. User with this name/email is already registed
2018-08-26 16:26:15,139, UserController, [ERROR]: Error. User with name tester can't be registred. User with this name/email is already registed
2018-08-26 16:28:13,924, ProjectController, [ERROR]: User tester is already exist in this project
2018-08-26 16:28:13,944, ProjectController, [ERROR]: Incorrect password for tester
2018-08-26 16:28:13,946, UserController, [ERROR]: There is no user with 'tester_no' username
2018-08-26 16:28:14,035, ProjectController, [ERROR]: User KReal is not exist
2018-08-26 16:28:14,051, UserController, [ERROR]: There is no user with 'adm1n' username
2018-08-26 16:28:14,053, UserController, [ERROR]: There is no user with -1 id
2018-08-26 16:28:14,078, UserController, [ERROR]: Error. There is no user with username no_user
2018-08-26 16:28:14,079, UserController, [ERROR]: Error. User with name tester can't be registred. User with this name/email is already registed
2018-08-26 16:28:14,081, UserController, [ERROR]: Error. User with name tester can't be registred. User with this name/email is already registed
2018-08-26 16:28:37,558, ProjectController, [ERROR]: User tester is already exist in this project
2018-08-26 16:28:37,605, ProjectController, [ERROR]: Incorrect password for tester
2018-08-26 16:28:37,611, UserController, [ERROR]: There is no user with 'tester_no' username
2018-08-26 16:28:37,826, ProjectController, [ERROR]: User KReal is not exist
2018-08-26 16:28:37,843, UserController, [ERROR]: There is no user with 'adm1n' username
2018-08-26 16:28:37,845, UserController, [ERROR]: There is no user with -1 id
2018-08-26 16:28:38,015, UserController, [ERROR]: Error. There is no user with username no_user
2018-08-26 16:28:38,021, UserController, [ERROR]: Error. User with name tester can't be registred. User with this name/email is already registed
2018-08-26 16:28:38,026, UserController, [ERROR]: Error. User with name tester can't be registred. User with this name/email is already registed
2018-08-26 16:29:18,265, ProjectController, [ERROR]: User tester is already exist in this project
2018-08-26 16:29:18,280, ProjectController, [ERROR]: Incorrect password for tester
2018-08-26 16:29:18,282, UserController, [ERROR]: There is no user with 'tester_no' username
2018-08-26 16:29:18,367, ProjectController, [ERROR]: User KReal is not exist
2018-08-26 16:29:18,379, UserController, [ERROR]: There is no user with 'adm1n' username
2018-08-26 16:29:18,380, UserController, [ERROR]: There is no user with -1 id
2018-08-26 16:29:18,401, UserController, [ERROR]: Error. There is no user with username no_user
2018-08-26 16:29:18,403, UserController, [ERROR]: Error. User with name tester can't be registred. User with this name/email is already registed
2018-08-26 16:29:18,405, UserController, [ERROR]: Error. User with name tester can't be registred. User with this name/email is already registed
2018-08-26 16:29:25,834, ProjectController, [ERROR]: User tester is already exist in this project
2018-08-26 16:29:25,857, ProjectController, [ERROR]: Incorrect password for tester
2018-08-26 16:29:25,858, UserController, [ERROR]: There is no user with 'tester_no' username
2018-08-26 16:29:25,959, ProjectController, [ERROR]: User KReal is not exist
2018-08-26 16:29:25,972, UserController, [ERROR]: There is no user with 'adm1n' username
2018-08-26 16:29:25,973, UserController, [ERROR]: There is no user with -1 id
2018-08-26 16:29:26,001, UserController, [ERROR]: Error. There is no user with username no_user
2018-08-26 16:29:26,003, UserController, [ERROR]: Error. User with name tester can't be registred. User with this name/email is already registed
2018-08-26 16:29:26,005, UserController, [ERROR]: Error. User with name tester can't be registred. User with this name/email is already registed
2018-08-26 16:54:35,748, ProjectController, [ERROR]: User tester is already exist in this project
2018-08-26 16:54:35,766, ProjectController, [ERROR]: Incorrect password for tester
2018-08-26 16:54:35,767, UserController, [ERROR]: There is no user with 'tester_no' username
2018-08-26 16:54:35,865, ProjectController, [ERROR]: User KReal is not exist
2018-08-26 16:54:35,876, UserController, [ERROR]: There is no user with 'adm1n' username
2018-08-26 16:54:35,878, UserController, [ERROR]: There is no user with -1 id
2018-08-26 16:54:35,899, UserController, [ERROR]: Error. There is no user with username no_user
2018-08-26 16:54:35,901, UserController, [ERROR]: Error. User with name tester can't be registred. User with this name/email is already registed
2018-08-26 16:54:35,903, UserController, [ERROR]: Error. User with name tester can't be registred. User with this name/email is already registed
2018-08-26 16:57:45,402, ProjectController, [ERROR]: User tester is already exist in this project
2018-08-26 16:57:45,414, ProjectController, [ERROR]: Incorrect password for tester
2018-08-26 16:57:45,416, UserController, [ERROR]: There is no user with 'tester_no' username
2018-08-26 16:57:45,502, ProjectController, [ERROR]: User KReal is not exist
2018-08-26 16:57:45,514, UserController, [ERROR]: There is no user with 'adm1n' username
2018-08-26 16:57:45,516, UserController, [ERROR]: There is no user with -1 id
2018-08-26 16:57:45,537, UserController, [ERROR]: Error. There is no user with username no_user
2018-08-26 16:57:45,539, UserController, [ERROR]: Error. User with name tester can't be registred. User with this name/email is already registed
2018-08-26 16:57:45,540, UserController, [ERROR]: Error. User with name tester can't be registred. User with this name/email is already registed
2018-08-26 16:58:06,547, ProjectController, [ERROR]: User tester is already exist in this project
2018-08-26 16:58:06,617, ProjectController, [ERROR]: Incorrect password for tester
2018-08-26 16:58:06,620, UserController, [ERROR]: There is no user with 'tester_no' username
2018-08-26 16:58:06,791, ProjectController, [ERROR]: User KReal is not exist
2018-08-26 16:58:06,804, UserController, [ERROR]: There is no user with 'adm1n' username
2018-08-26 16:58:06,806, UserController, [ERROR]: There is no user with -1 id
2018-08-26 16:58:06,826, UserController, [ERROR]: Error. There is no user with username no_user
2018-08-26 16:58:06,827, UserController, [ERROR]: Error. User with name tester can't be registred. User with this name/email is already registed
2018-08-26 16:58:06,829, UserController, [ERROR]: Error. User with name tester can't be registred. User with this name/email is already registed
2018-08-26 16:58:13,593, ProjectController, [ERROR]: User tester is already exist in this project
2018-08-26 16:58:13,616, ProjectController, [ERROR]: Incorrect password for tester
2018-08-26 16:58:13,617, UserController, [ERROR]: There is no user with 'tester_no' username
2018-08-26 16:58:13,720, ProjectController, [ERROR]: User KReal is not exist
2018-08-26 16:58:13,736, UserController, [ERROR]: There is no user with 'adm1n' username
2018-08-26 16:58:13,738, UserController, [ERROR]: There is no user with -1 id
2018-08-26 16:58:13,760, UserController, [ERROR]: Error. There is no user with username no_user
2018-08-26 16:58:13,762, UserController, [ERROR]: Error. User with name tester can't be registred. User with this name/email is already registed
2018-08-26 16:58:13,765, UserController, [ERROR]: Error. User with name tester can't be registred. User with this name/email is already registed
2018-08-26 17:04:40,112, ProjectController, [ERROR]: User tester is already exist in this project
2018-08-26 17:04:40,126, ProjectController, [ERROR]: Incorrect password for tester
2018-08-26 17:04:40,128, UserController, [ERROR]: There is no user with 'tester_no' username
2018-08-26 17:04:40,221, ProjectController, [ERROR]: User KReal is not exist
2018-08-26 17:04:40,233, UserController, [ERROR]: There is no user with 'adm1n' username
2018-08-26 17:04:40,235, UserController, [ERROR]: There is no user with -1 id
2018-08-26 17:04:40,259, UserController, [ERROR]: Error. There is no user with username no_user
2018-08-26 17:04:40,261, UserController, [ERROR]: Error. User with name tester can't be registred. User with this name/email is already registed
2018-08-26 17:04:40,262, UserController, [ERROR]: Error. User with name tester can't be registred. User with this name/email is already registed
2018-08-26 17:06:15,615, ProjectController, [ERROR]: User tester is already exist in this project
2018-08-26 17:06:15,643, ProjectController, [ERROR]: Incorrect password for tester
2018-08-26 17:06:15,647, UserController, [ERROR]: There is no user with 'tester_no' username
2018-08-26 17:06:15,738, ProjectController, [ERROR]: User KReal is not exist
2018-08-26 17:06:15,751, UserController, [ERROR]: There is no user with 'adm1n' username
2018-08-26 17:06:15,752, UserController, [ERROR]: There is no user with -1 id
2018-08-26 17:06:15,772, UserController, [ERROR]: Error. There is no user with username no_user
2018-08-26 17:06:15,774, UserController, [ERROR]: Error. User with name tester can't be registred. User with this name/email is already registed
2018-08-26 17:06:15,776, UserController, [ERROR]: Error. User with name tester can't be registred. User with this name/email is already registed
2018-08-26 17:09:19,654, ProjectController, [ERROR]: User tester is already exist in this project
2018-08-26 17:09:19,677, ProjectController, [ERROR]: Incorrect password for tester
2018-08-26 17:09:19,679, UserController, [ERROR]: There is no user with 'tester_no' username
2018-08-26 17:09:19,763, ProjectController, [ERROR]: User KReal is not exist
2018-08-26 17:09:19,774, UserController, [ERROR]: There is no user with 'adm1n' username
2018-08-26 17:09:19,777, UserController, [ERROR]: There is no user with -1 id
2018-08-26 17:09:19,799, UserController, [ERROR]: Error. There is no user with username no_user
2018-08-26 17:09:19,801, UserController, [ERROR]: Error. User with name tester can't be registred. User with this name/email is already registed
2018-08-26 17:09:19,803, UserController, [ERROR]: Error. User with name tester can't be registred. User with this name/email is already registed
2018-08-26 17:11:41,172, ProjectController, [ERROR]: User tester is already exist in this project
2018-08-26 17:11:41,190, ProjectController, [ERROR]: Incorrect password for tester
2018-08-26 17:11:41,192, UserController, [ERROR]: There is no user with 'tester_no' username
2018-08-26 17:11:41,304, ProjectController, [ERROR]: User KReal is not exist
2018-08-26 17:11:41,316, UserController, [ERROR]: There is no user with 'adm1n' username
2018-08-26 17:11:41,318, UserController, [ERROR]: There is no user with -1 id
2018-08-26 17:11:41,357, UserController, [ERROR]: Error. There is no user with username no_user
2018-08-26 17:11:41,359, UserController, [ERROR]: Error. User with name tester can't be registred. User with this name/email is already registed
2018-08-26 17:11:41,361, UserController, [ERROR]: Error. User with name tester can't be registred. User with this name/email is already registed
2018-08-26 17:11:57,001, ProjectController, [ERROR]: User tester is already exist in this project
2018-08-26 17:11:57,013, ProjectController, [ERROR]: Incorrect password for tester
2018-08-26 17:11:57,015, UserController, [ERROR]: There is no user with 'tester_no' username
2018-08-26 17:11:57,138, ProjectController, [ERROR]: User KReal is not exist
2018-08-26 17:11:57,152, UserController, [ERROR]: There is no user with 'adm1n' username
2018-08-26 17:11:57,153, UserController, [ERROR]: There is no user with -1 id
2018-08-26 17:11:57,191, UserController, [ERROR]: Error. There is no user with username no_user
2018-08-26 17:11:57,193, UserController, [ERROR]: Error. User with name tester can't be registred. User with this name/email is already registed
2018-08-26 17:11:57,195, UserController, [ERROR]: Error. User with name tester can't be registred. User with this name/email is already registed
2018-08-26 17:16:55,250, ProjectController, [ERROR]: User tester is already exist in this project
2018-08-26 17:16:55,301, ProjectController, [ERROR]: Incorrect password for tester
2018-08-26 17:16:55,304, UserController, [ERROR]: There is no user with 'tester_no' username
2018-08-26 17:16:55,386, ProjectController, [ERROR]: User KReal is not exist
2018-08-26 17:16:55,401, UserController, [ERROR]: There is no user with 'adm1n' username
2018-08-26 17:16:55,402, UserController, [ERROR]: There is no user with -1 id
2018-08-26 17:16:55,446, UserController, [ERROR]: Error. There is no user with username no_user
2018-08-26 17:16:55,451, UserController, [ERROR]: Error. User with name tester can't be registred. User with this name/email is already registed
2018-08-26 17:16:55,457, UserController, [ERROR]: Error. User with name tester can't be registred. User with this name/email is already registed
2018-08-26 17:17:03,063, ProjectController, [ERROR]: User tester is already exist in this project
2018-08-26 17:17:03,076, ProjectController, [ERROR]: Incorrect password for tester
2018-08-26 17:17:03,078, UserController, [ERROR]: There is no user with 'tester_no' username
2018-08-26 17:17:03,171, ProjectController, [ERROR]: User KReal is not exist
2018-08-26 17:17:03,186, UserController, [ERROR]: There is no user with 'adm1n' username
2018-08-26 17:17:03,188, UserController, [ERROR]: There is no user with -1 id
2018-08-26 17:17:03,209, UserController, [ERROR]: Error. There is no user with username no_user
2018-08-26 17:17:03,211, UserController, [ERROR]: Error. User with name tester can't be registred. User with this name/email is already registed
2018-08-26 17:17:03,214, UserController, [ERROR]: Error. User with name tester can't be registred. User with this name/email is already registed
2018-08-26 17:21:34,746, ProjectController, [ERROR]: User tester is already exist in this project
2018-08-26 17:21:34,761, ProjectController, [ERROR]: Incorrect password for tester
2018-08-26 17:21:34,763, UserController, [ERROR]: There is no user with 'tester_no' username
2018-08-26 17:21:34,837, ProjectController, [ERROR]: User KReal is not exist
2018-08-26 17:21:34,849, UserController, [ERROR]: There is no user with 'adm1n' username
2018-08-26 17:21:34,851, UserController, [ERROR]: There is no user with -1 id
2018-08-26 17:21:34,871, UserController, [ERROR]: Error. There is no user with username no_user
2018-08-26 17:21:34,872, UserController, [ERROR]: Error. User with name tester can't be registred. User with this name/email is already registed
2018-08-26 17:21:34,874, UserController, [ERROR]: Error. User with name tester can't be registred. User with this name/email is already registed
2018-08-26 17:22:29,136, ProjectController, [ERROR]: User tester is already exist in this project
2018-08-26 17:22:29,150, ProjectController, [ERROR]: Incorrect password for tester
2018-08-26 17:22:29,151, UserController, [ERROR]: There is no user with 'tester_no' username
2018-08-26 17:22:29,280, ProjectController, [ERROR]: User KReal is not exist
2018-08-26 17:22:29,293, UserController, [ERROR]: There is no user with 'adm1n' username
2018-08-26 17:22:29,295, UserController, [ERROR]: There is no user with -1 id
2018-08-26 17:22:29,316, UserController, [ERROR]: Error. There is no user with username no_user
2018-08-26 17:22:29,318, UserController, [ERROR]: Error. User with name tester can't be registred. User with this name/email is already registed
2018-08-26 17:22:29,320, UserController, [ERROR]: Error. User with name tester can't be registred. User with this name/email is already registed
2018-08-26 17:23:14,096, ProjectController, [ERROR]: User tester have no permissions in gtj project
2018-08-26 17:23:14,538, ProjectController, [ERROR]: User tester is already exist in this project
2018-08-26 17:23:14,551, ProjectController, [ERROR]: Incorrect password for tester
2018-08-26 17:23:14,553, UserController, [ERROR]: There is no user with 'tester_no' username
2018-08-26 17:23:14,626, ProjectController, [ERROR]: User KReal is not exist
2018-08-26 17:23:14,638, UserController, [ERROR]: There is no user with 'adm1n' username
2018-08-26 17:23:14,639, UserController, [ERROR]: There is no user with -1 id
2018-08-26 17:23:14,665, UserController, [ERROR]: Error. There is no user with username no_user
2018-08-26 17:23:14,668, UserController, [ERROR]: Error. User with name tester can't be registred. User with this name/email is already registed
2018-08-26 17:23:14,673, UserController, [ERROR]: Error. User with name tester can't be registred. User with this name/email is already registed
2018-08-26 17:23:35,395, ProjectController, [ERROR]: User tester have no permissions in gtj project
2018-08-26 17:23:35,805, ProjectController, [ERROR]: User tester is already exist in this project
2018-08-26 17:23:35,821, ProjectController, [ERROR]: Incorrect password for tester
2018-08-26 17:23:35,824, UserController, [ERROR]: There is no user with 'tester_no' username
2018-08-26 17:23:35,921, ProjectController, [ERROR]: User KReal is not exist
2018-08-26 17:23:35,933, UserController, [ERROR]: There is no user with 'adm1n' username
2018-08-26 17:23:35,935, UserController, [ERROR]: There is no user with -1 id
2018-08-26 17:23:35,974, UserController, [ERROR]: Error. There is no user with username no_user
2018-08-26 17:23:35,976, UserController, [ERROR]: Error. User with name tester can't be registred. User with this name/email is already registed
2018-08-26 17:23:35,979, UserController, [ERROR]: Error. User with name tester can't be registred. User with this name/email is already registed
2018-08-26 17:23:52,228, ProjectController, [ERROR]: User tester have no permissions in gtj project
2018-08-26 17:23:52,639, ProjectController, [ERROR]: User tester is already exist in this project
2018-08-26 17:23:52,656, ProjectController, [ERROR]: Incorrect password for tester
2018-08-26 17:23:52,661, UserController, [ERROR]: There is no user with 'tester_no' username
2018-08-26 17:23:52,739, ProjectController, [ERROR]: User KReal is not exist
2018-08-26 17:23:52,751, UserController, [ERROR]: There is no user with 'adm1n' username
2018-08-26 17:23:52,752, UserController, [ERROR]: There is no user with -1 id
2018-08-26 17:23:52,774, UserController, [ERROR]: Error. There is no user with username no_user
2018-08-26 17:23:52,776, UserController, [ERROR]: Error. User with name tester can't be registred. User with this name/email is already registed
2018-08-26 17:23:52,779, UserController, [ERROR]: Error. User with name tester can't be registred. User with this name/email is already registed
2018-08-26 17:39:11,038, ProjectController, [ERROR]: User tester have no permissions in gtj project
2018-08-26 17:39:11,473, ProjectController, [ERROR]: User tester is already exist in this project
2018-08-26 17:39:11,494, ProjectController, [ERROR]: Incorrect password for tester
2018-08-26 17:39:11,495, UserController, [ERROR]: There is no user with 'tester_no' username
2018-08-26 17:39:11,607, ProjectController, [ERROR]: User KReal is not exist
2018-08-26 17:39:11,622, UserController, [ERROR]: There is no user with 'adm1n' username
2018-08-26 17:39:11,624, UserController, [ERROR]: There is no user with -1 id
2018-08-26 17:39:11,683, UserController, [ERROR]: Error. There is no user with username no_user
2018-08-26 17:39:11,687, UserController, [ERROR]: Error. User with name tester can't be registred. User with this name/email is already registed
2018-08-26 17:39:11,689, UserController, [ERROR]: Error. User with name tester can't be registred. User with this name/email is already registed
2018-08-26 17:39:25,108, ProjectController, [ERROR]: User tester have no permissions in gtj project
2018-08-26 17:39:25,573, ProjectController, [ERROR]: User tester is already exist in this project
2018-08-26 17:39:25,584, ProjectController, [ERROR]: Incorrect password for tester
2018-08-26 17:39:25,586, UserController, [ERROR]: There is no user with 'tester_no' username
2018-08-26 17:39:25,672, ProjectController, [ERROR]: User KReal is not exist
2018-08-26 17:39:25,687, UserController, [ERROR]: There is no user with 'adm1n' username
2018-08-26 17:39:25,689, UserController, [ERROR]: There is no user with -1 id
2018-08-26 17:39:25,729, UserController, [ERROR]: Error. There is no user with username no_user
2018-08-26 17:39:25,732, UserController, [ERROR]: Error. User with name tester can't be registred. User with this name/email is already registed
2018-08-26 17:39:25,734, UserController, [ERROR]: Error. User with name tester can't be registred. User with this name/email is already registed
2018-08-26 17:39:59,458, ProjectController, [ERROR]: User tester have no permissions in gtj project
2018-08-26 17:39:59,860, ProjectController, [ERROR]: User tester is already exist in this project
2018-08-26 17:39:59,873, ProjectController, [ERROR]: Incorrect password for tester
2018-08-26 17:39:59,875, UserController, [ERROR]: There is no user with 'tester_no' username
2018-08-26 17:39:59,997, ProjectController, [ERROR]: User KReal is not exist
2018-08-26 17:40:00,062, UserController, [ERROR]: There is no user with 'adm1n' username
2018-08-26 17:40:00,063, UserController, [ERROR]: There is no user with -1 id
2018-08-26 17:40:00,084, UserController, [ERROR]: Error. There is no user with username no_user
2018-08-26 17:40:00,086, UserController, [ERROR]: Error. User with name tester can't be registred. User with this name/email is already registed
2018-08-26 17:40:00,088, UserController, [ERROR]: Error. User with name tester can't be registred. User with this name/email is already registed
2018-08-26 17:40:39,901, ProjectController, [ERROR]: User tester have no permissions in gtj project
2018-08-26 17:40:40,320, ProjectController, [ERROR]: User tester is already exist in this project
2018-08-26 17:40:40,344, ProjectController, [ERROR]: Incorrect password for tester
2018-08-26 17:40:40,347, UserController, [ERROR]: There is no user with 'tester_no' username
2018-08-26 17:40:40,442, ProjectController, [ERROR]: User KReal is not exist
2018-08-26 17:40:40,533, UserController, [ERROR]: There is no user with 'adm1n' username
2018-08-26 17:40:40,535, UserController, [ERROR]: There is no user with -1 id
2018-08-26 17:40:40,563, UserController, [ERROR]: Error. There is no user with username no_user
2018-08-26 17:40:40,564, UserController, [ERROR]: Error. User with name tester can't be registred. User with this name/email is already registed
2018-08-26 17:40:40,565, UserController, [ERROR]: Error. User with name tester can't be registred. User with this name/email is already registed
2018-08-26 17:41:00,260, ProjectController, [ERROR]: User tester have no permissions in gtj project
2018-08-26 17:41:00,787, ProjectController, [ERROR]: User tester is already exist in this project
2018-08-26 17:41:00,808, ProjectController, [ERROR]: Incorrect password for tester
2018-08-26 17:41:00,810, UserController, [ERROR]: There is no user with 'tester_no' username
2018-08-26 17:41:00,911, ProjectController, [ERROR]: User KReal is not exist
2018-08-26 17:41:00,952, UserController, [ERROR]: There is no user with 'adm1n' username
2018-08-26 17:41:00,953, UserController, [ERROR]: There is no user with -1 id
2018-08-26 17:41:00,974, UserController, [ERROR]: Error. There is no user with username no_user
2018-08-26 17:41:00,976, UserController, [ERROR]: Error. User with name tester can't be registred. User with this name/email is already registed
2018-08-26 17:41:00,977, UserController, [ERROR]: Error. User with name tester can't be registred. User with this name/email is already registed
2018-08-26 17:41:14,127, ProjectController, [ERROR]: User tester have no permissions in gtj project
2018-08-26 17:41:14,651, ProjectController, [ERROR]: User tester is already exist in this project
2018-08-26 17:41:14,664, ProjectController, [ERROR]: Incorrect password for tester
2018-08-26 17:41:14,666, UserController, [ERROR]: There is no user with 'tester_no' username
2018-08-26 17:41:14,752, ProjectController, [ERROR]: User KReal is not exist
2018-08-26 17:41:14,783, ProjectController, [ERROR]: User tester have no permissions in gtj project
2018-08-26 17:41:14,790, ProjectController, [ERROR]: User tester have no permissions in gtj project
2018-08-26 17:41:14,828, UserController, [ERROR]: There is no user with 'adm1n' username
2018-08-26 17:41:14,830, UserController, [ERROR]: There is no user with -1 id
2018-08-26 17:41:14,864, UserController, [ERROR]: Error. There is no user with username no_user
2018-08-26 17:41:14,866, UserController, [ERROR]: Error. User with name tester can't be registred. User with this name/email is already registed
2018-08-26 17:41:14,869, UserController, [ERROR]: Error. User with name tester can't be registred. User with this name/email is already registed
2018-08-26 17:41:21,777, ProjectController, [ERROR]: User tester have no permissions in gtj project
2018-08-26 17:41:22,188, ProjectController, [ERROR]: User tester is already exist in this project
2018-08-26 17:41:22,208, ProjectController, [ERROR]: Incorrect password for tester
2018-08-26 17:41:22,210, UserController, [ERROR]: There is no user with 'tester_no' username
2018-08-26 17:41:22,311, ProjectController, [ERROR]: User KReal is not exist
2018-08-26 17:41:22,342, ProjectController, [ERROR]: User tester have no permissions in gtj project
2018-08-26 17:41:22,379, UserController, [ERROR]: There is no user with 'adm1n' username
2018-08-26 17:41:22,380, UserController, [ERROR]: There is no user with -1 id
2018-08-26 17:41:22,408, UserController, [ERROR]: Error. There is no user with username no_user
2018-08-26 17:41:22,410, UserController, [ERROR]: Error. User with name tester can't be registred. User with this name/email is already registed
2018-08-26 17:41:22,412, UserController, [ERROR]: Error. User with name tester can't be registred. User with this name/email is already registed
2018-08-26 17:55:08,200, ProjectController, [ERROR]: User tester have no permissions in gtj project
2018-08-26 17:55:08,611, ProjectController, [ERROR]: User tester is already exist in this project
2018-08-26 17:55:08,628, ProjectController, [ERROR]: Incorrect password for tester
2018-08-26 17:55:08,631, UserController, [ERROR]: There is no user with 'tester_no' username
2018-08-26 17:55:08,734, ProjectController, [ERROR]: User KReal is not exist
2018-08-26 17:55:08,766, ProjectController, [ERROR]: User tester have no permissions in gtj project
2018-08-26 17:55:08,930, UserController, [ERROR]: There is no user with 'adm1n' username
2018-08-26 17:55:08,932, UserController, [ERROR]: There is no user with -1 id
2018-08-26 17:55:08,959, UserController, [ERROR]: Error. There is no user with username no_user
2018-08-26 17:55:08,961, UserController, [ERROR]: Error. User with name tester can't be registred. User with this name/email is already registed
2018-08-26 17:55:08,963, UserController, [ERROR]: Error. User with name tester can't be registred. User with this name/email is already registed
2018-08-26 17:55:27,183, ProjectController, [ERROR]: User tester have no permissions in gtj project
2018-08-26 17:55:27,614, ProjectController, [ERROR]: User tester is already exist in this project
2018-08-26 17:55:27,630, ProjectController, [ERROR]: Incorrect password for tester
2018-08-26 17:55:27,633, UserController, [ERROR]: There is no user with 'tester_no' username
2018-08-26 17:55:27,713, ProjectController, [ERROR]: User KReal is not exist
2018-08-26 17:55:27,748, ProjectController, [ERROR]: User tester have no permissions in gtj project
2018-08-26 17:55:27,781, CategoryController, [ERROR]: User tester have not permission to create category in this project
2018-08-26 17:55:27,805, UserController, [ERROR]: There is no user with 'adm1n' username
2018-08-26 17:55:27,806, UserController, [ERROR]: There is no user with -1 id
2018-08-26 17:55:27,837, UserController, [ERROR]: Error. There is no user with username no_user
2018-08-26 17:55:27,838, UserController, [ERROR]: Error. User with name tester can't be registred. User with this name/email is already registed
2018-08-26 17:55:27,840, UserController, [ERROR]: Error. User with name tester can't be registred. User with this name/email is already registed
2018-08-26 17:58:09,514, ProjectController, [ERROR]: User tester have no permissions in gtj project
2018-08-26 17:58:09,918, ProjectController, [ERROR]: User tester is already exist in this project
2018-08-26 17:58:09,930, ProjectController, [ERROR]: Incorrect password for tester
2018-08-26 17:58:09,932, UserController, [ERROR]: There is no user with 'tester_no' username
2018-08-26 17:58:10,011, ProjectController, [ERROR]: User KReal is not exist
2018-08-26 17:58:10,039, ProjectController, [ERROR]: User tester have no permissions in gtj project
2018-08-26 17:58:10,078, CategoryController, [ERROR]: User tester have not permission to create category in this project
2018-08-26 17:58:10,135, UserController, [ERROR]: There is no user with 'adm1n' username
2018-08-26 17:58:10,137, UserController, [ERROR]: There is no user with -1 id
2018-08-26 17:58:10,174, UserController, [ERROR]: Error. There is no user with username no_user
2018-08-26 17:58:10,176, UserController, [ERROR]: Error. User with name tester can't be registred. User with this name/email is already registed
2018-08-26 17:58:10,177, UserController, [ERROR]: Error. User with name tester can't be registred. User with this name/email is already registed
2018-08-26 20:13:36,138, ProjectController, [ERROR]: User tester have no permissions in gtj project
2018-08-26 20:13:37,488, ProjectController, [ERROR]: User tester is already exist in this project
2018-08-26 20:13:37,531, ProjectController, [ERROR]: Incorrect password for tester
2018-08-26 20:13:37,536, UserController, [ERROR]: There is no user with 'tester_no' username
2018-08-26 20:13:37,718, ProjectController, [ERROR]: User KReal is not exist
2018-08-26 20:13:37,813, ProjectController, [ERROR]: User tester have no permissions in gtj project
2018-08-26 20:13:37,917, CategoryController, [ERROR]: User tester have not permission to create category in this project
2018-08-26 20:13:38,118, CategoryController, [ERROR]: User tester have not permission to create category in this project
2018-08-26 20:13:38,136, UserController, [ERROR]: There is no user with 'adm1n' username
2018-08-26 20:13:38,140, UserController, [ERROR]: There is no user with -1 id
2018-08-26 20:13:38,198, UserController, [ERROR]: Error. There is no user with username no_user
2018-08-26 20:13:38,203, UserController, [ERROR]: Error. User with name tester can't be registred. User with this name/email is already registed
2018-08-26 20:13:38,208, UserController, [ERROR]: Error. User with name tester can't be registred. User with this name/email is already registed
2018-08-26 20:16:38,991, ProjectController, [ERROR]: User tester have no permissions in gtj project
2018-08-26 20:16:40,072, ProjectController, [ERROR]: User tester is already exist in this project
2018-08-26 20:16:40,102, ProjectController, [ERROR]: Incorrect password for tester
2018-08-26 20:16:40,105, UserController, [ERROR]: There is no user with 'tester_no' username
2018-08-26 20:16:40,235, ProjectController, [ERROR]: User KReal is not exist
2018-08-26 20:16:40,292, ProjectController, [ERROR]: User tester have no permissions in gtj project
2018-08-26 20:16:40,368, CategoryController, [ERROR]: User tester have not permission to create category in this project
2018-08-26 20:16:40,561, CategoryController, [ERROR]: Incorrect password for tester
2018-08-26 20:16:40,566, UserController, [ERROR]: There is no user with 'tester111' username
2018-08-26 20:16:40,604, CategoryController, [ERROR]: User tester have not permission to create category in this project
2018-08-26 20:16:40,633, UserController, [ERROR]: There is no user with 'adm1n' username
2018-08-26 20:16:40,639, UserController, [ERROR]: There is no user with -1 id
2018-08-26 20:16:40,682, UserController, [ERROR]: Error. There is no user with username no_user
2018-08-26 20:16:40,688, UserController, [ERROR]: Error. User with name tester can't be registred. User with this name/email is already registed
2018-08-26 20:16:40,694, UserController, [ERROR]: Error. User with name tester can't be registred. User with this name/email is already registed
2018-08-26 20:20:40,735, ProjectController, [ERROR]: User tester have no permissions in gtj project
2018-08-26 20:20:41,603, ProjectController, [ERROR]: User tester is already exist in this project
2018-08-26 20:20:41,642, ProjectController, [ERROR]: Incorrect password for tester
2018-08-26 20:20:41,646, UserController, [ERROR]: There is no user with 'tester_no' username
2018-08-26 20:20:41,826, ProjectController, [ERROR]: User KReal is not exist
2018-08-26 20:20:41,931, ProjectController, [ERROR]: User tester have no permissions in gtj project
2018-08-26 20:20:42,031, CategoryController, [ERROR]: User tester have not permission to create category in this project
2018-08-26 20:20:42,192, CategoryController, [ERROR]: Incorrect password for tester
2018-08-26 20:20:42,197, UserController, [ERROR]: There is no user with 'tester111' username
2018-08-26 20:20:42,230, CategoryController, [ERROR]: User tester have not permission to create category in this project
2018-08-26 20:20:42,299, UserController, [ERROR]: There is no user with 'adm1n' username
2018-08-26 20:20:42,304, UserController, [ERROR]: There is no user with -1 id
2018-08-26 20:20:42,352, UserController, [ERROR]: Error. There is no user with username no_user
2018-08-26 20:20:42,357, UserController, [ERROR]: Error. User with name tester can't be registred. User with this name/email is already registed
2018-08-26 20:20:42,362, UserController, [ERROR]: Error. User with name tester can't be registred. User with this name/email is already registed
2018-08-26 20:21:49,046, ProjectController, [ERROR]: User tester have no permissions in gtj project
2018-08-26 20:21:49,776, ProjectController, [ERROR]: User tester is already exist in this project
2018-08-26 20:21:49,810, ProjectController, [ERROR]: Incorrect password for tester
2018-08-26 20:21:49,814, UserController, [ERROR]: There is no user with 'tester_no' username
2018-08-26 20:21:49,980, ProjectController, [ERROR]: User KReal is not exist
2018-08-26 20:21:50,075, ProjectController, [ERROR]: User tester have no permissions in gtj project
2018-08-26 20:21:50,166, CategoryController, [ERROR]: User tester have not permission to create category in this project
2018-08-26 20:21:50,301, CategoryController, [ERROR]: Incorrect password for tester
2018-08-26 20:21:50,305, UserController, [ERROR]: There is no user with 'tester111' username
2018-08-26 20:21:50,328, CategoryController, [ERROR]: User tester have not permission to create category in this project
2018-08-26 20:21:50,360, CategoryController, [ERROR]: Category with this name is already exist
2018-08-26 20:21:50,404, UserController, [ERROR]: There is no user with 'adm1n' username
2018-08-26 20:21:50,408, UserController, [ERROR]: There is no user with -1 id
2018-08-26 20:21:50,454, UserController, [ERROR]: Error. There is no user with username no_user
2018-08-26 20:21:50,458, UserController, [ERROR]: Error. User with name tester can't be registred. User with this name/email is already registed
2018-08-26 20:21:50,463, UserController, [ERROR]: Error. User with name tester can't be registred. User with this name/email is already registed
2018-08-26 20:22:08,736, ProjectController, [ERROR]: User tester have no permissions in gtj project
2018-08-26 20:22:09,477, ProjectController, [ERROR]: User tester is already exist in this project
2018-08-26 20:22:09,511, ProjectController, [ERROR]: Incorrect password for tester
2018-08-26 20:22:09,516, UserController, [ERROR]: There is no user with 'tester_no' username
2018-08-26 20:22:09,659, ProjectController, [ERROR]: User KReal is not exist
2018-08-26 20:22:09,756, ProjectController, [ERROR]: User tester have no permissions in gtj project
2018-08-26 20:22:09,837, CategoryController, [ERROR]: User tester have not permission to create category in this project
2018-08-26 20:22:09,975, CategoryController, [ERROR]: Incorrect password for tester
2018-08-26 20:22:09,980, UserController, [ERROR]: There is no user with 'tester111' username
2018-08-26 20:22:10,014, CategoryController, [ERROR]: User tester have not permission to create category in this project
2018-08-26 20:22:10,058, CategoryController, [ERROR]: Category with this name is already exist
2018-08-26 20:22:10,108, UserController, [ERROR]: There is no user with 'adm1n' username
2018-08-26 20:22:10,116, UserController, [ERROR]: There is no user with -1 id
2018-08-26 20:22:10,176, UserController, [ERROR]: Error. There is no user with username no_user
2018-08-26 20:22:10,180, UserController, [ERROR]: Error. User with name tester can't be registred. User with this name/email is already registed
2018-08-26 20:22:10,184, UserController, [ERROR]: Error. User with name tester can't be registred. User with this name/email is already registed
2018-08-26 20:22:19,260, ProjectController, [ERROR]: User tester have no permissions in gtj project
2018-08-26 20:22:20,056, ProjectController, [ERROR]: User tester is already exist in this project
2018-08-26 20:22:20,088, ProjectController, [ERROR]: Incorrect password for tester
2018-08-26 20:22:20,091, UserController, [ERROR]: There is no user with 'tester_no' username
2018-08-26 20:22:20,234, ProjectController, [ERROR]: User KReal is not exist
2018-08-26 20:22:20,313, ProjectController, [ERROR]: User tester have no permissions in gtj project
2018-08-26 20:22:20,380, CategoryController, [ERROR]: User tester have not permission to create category in this project
2018-08-26 20:22:20,528, CategoryController, [ERROR]: Incorrect password for tester
2018-08-26 20:22:20,533, UserController, [ERROR]: There is no user with 'tester111' username
2018-08-26 20:22:20,567, CategoryController, [ERROR]: User tester have not permission to create category in this project
2018-08-26 20:22:20,607, CategoryController, [ERROR]: Category with this name is already exist
2018-08-26 20:22:20,651, UserController, [ERROR]: There is no user with 'adm1n' username
2018-08-26 20:22:20,656, UserController, [ERROR]: There is no user with -1 id
2018-08-26 20:22:20,710, UserController, [ERROR]: Error. There is no user with username no_user
2018-08-26 20:22:20,714, UserController, [ERROR]: Error. User with name tester can't be registred. User with this name/email is already registed
2018-08-26 20:22:20,718, UserController, [ERROR]: Error. User with name tester can't be registred. User with this name/email is already registed
2018-08-26 20:22:39,042, ProjectController, [ERROR]: User tester have no permissions in gtj project
2018-08-26 20:22:40,125, ProjectController, [ERROR]: User tester is already exist in this project
2018-08-26 20:22:40,155, ProjectController, [ERROR]: Incorrect password for tester
2018-08-26 20:22:40,159, UserController, [ERROR]: There is no user with 'tester_no' username
2018-08-26 20:22:40,319, ProjectController, [ERROR]: User KReal is not exist
2018-08-26 20:22:40,416, ProjectController, [ERROR]: User tester have no permissions in gtj project
2018-08-26 20:22:40,506, CategoryController, [ERROR]: User tester have not permission to create category in this project
2018-08-26 20:22:40,689, CategoryController, [ERROR]: Incorrect password for tester
2018-08-26 20:22:40,696, UserController, [ERROR]: There is no user with 'tester111' username
2018-08-26 20:22:40,736, CategoryController, [ERROR]: User tester have not permission to create category in this project
2018-08-26 20:22:40,769, CategoryController, [ERROR]: Category with this name is already exist
2018-08-26 20:22:40,805, UserController, [ERROR]: There is no user with 'adm1n' username
2018-08-26 20:22:40,813, UserController, [ERROR]: There is no user with -1 id
2018-08-26 20:22:40,855, UserController, [ERROR]: Error. There is no user with username no_user
2018-08-26 20:22:40,859, UserController, [ERROR]: Error. User with name tester can't be registred. User with this name/email is already registed
2018-08-26 20:22:40,863, UserController, [ERROR]: Error. User with name tester can't be registred. User with this name/email is already registed
2018-08-26 20:23:21,811, ProjectController, [ERROR]: User tester have no permissions in gtj project
2018-08-26 20:23:22,762, ProjectController, [ERROR]: User tester is already exist in this project
2018-08-26 20:23:22,801, ProjectController, [ERROR]: Incorrect password for tester
2018-08-26 20:23:22,805, UserController, [ERROR]: There is no user with 'tester_no' username
2018-08-26 20:23:23,006, ProjectController, [ERROR]: User KReal is not exist
2018-08-26 20:23:23,104, ProjectController, [ERROR]: User tester have no permissions in gtj project
2018-08-26 20:23:23,218, CategoryController, [ERROR]: User tester have not permission to create category in this project
2018-08-26 20:23:23,382, CategoryController, [ERROR]: Incorrect password for tester
2018-08-26 20:23:23,388, UserController, [ERROR]: There is no user with 'tester111' username
2018-08-26 20:23:23,420, CategoryController, [ERROR]: User tester have not permission to create category in this project
2018-08-26 20:23:23,576, UserController, [ERROR]: There is no user with 'adm1n' username
2018-08-26 20:23:23,582, UserController, [ERROR]: There is no user with -1 id
2018-08-26 20:23:23,647, UserController, [ERROR]: Error. There is no user with username no_user
2018-08-26 20:23:23,656, UserController, [ERROR]: Error. User with name tester can't be registred. User with this name/email is already registed
2018-08-26 20:23:23,663, UserController, [ERROR]: Error. User with name tester can't be registred. User with this name/email is already registed
2018-08-26 20:27:04,078, ProjectController, [ERROR]: User tester have no permissions in gtj project
2018-08-26 20:27:04,899, ProjectController, [ERROR]: User tester is already exist in this project
2018-08-26 20:27:04,927, ProjectController, [ERROR]: Incorrect password for tester
2018-08-26 20:27:04,931, UserController, [ERROR]: There is no user with 'tester_no' username
2018-08-26 20:27:05,085, ProjectController, [ERROR]: User KReal is not exist
2018-08-26 20:27:05,171, ProjectController, [ERROR]: User tester have no permissions in gtj project
2018-08-26 20:27:05,251, CategoryController, [ERROR]: User tester have not permission to create category in this project
2018-08-26 20:27:05,282, CategoryController, [ERROR]: User KReal have not permission to create category in this project
2018-08-26 20:27:05,325, CategoryController, [ERROR]: Incorrect password for tester
2018-08-26 20:27:05,328, UserController, [ERROR]: There is no user with 'tester111' username
2018-08-26 20:27:05,354, CategoryController, [ERROR]: User tester have not permission to create category in this project
2018-08-26 20:27:05,505, UserController, [ERROR]: There is no user with 'adm1n' username
2018-08-26 20:27:05,509, UserController, [ERROR]: There is no user with -1 id
2018-08-26 20:27:05,550, UserController, [ERROR]: Error. There is no user with username no_user
2018-08-26 20:27:05,555, UserController, [ERROR]: Error. User with name tester can't be registred. User with this name/email is already registed
2018-08-26 20:27:05,558, UserController, [ERROR]: Error. User with name tester can't be registred. User with this name/email is already registed
2018-08-26 20:27:36,389, ProjectController, [ERROR]: User tester have no permissions in gtj project
2018-08-26 20:27:37,622, ProjectController, [ERROR]: User tester is already exist in this project
2018-08-26 20:27:37,695, ProjectController, [ERROR]: Incorrect password for tester
2018-08-26 20:27:37,700, UserController, [ERROR]: There is no user with 'tester_no' username
2018-08-26 20:27:37,934, ProjectController, [ERROR]: User KReal is not exist
2018-08-26 20:27:37,989, ProjectController, [ERROR]: User tester have no permissions in gtj project
2018-08-26 20:27:38,030, CategoryController, [ERROR]: User tester have not permission to create category in this project
2018-08-26 20:27:38,052, CategoryController, [ERROR]: User KReal have not permission to create category in this project
2018-08-26 20:27:38,086, CategoryController, [ERROR]: Incorrect password for tester
2018-08-26 20:27:38,089, UserController, [ERROR]: There is no user with 'tester111' username
2018-08-26 20:27:38,104, CategoryController, [ERROR]: User tester have not permission to create category in this project
2018-08-26 20:27:38,139, UserController, [ERROR]: There is no user with 'adm1n' username
2018-08-26 20:27:38,142, UserController, [ERROR]: There is no user with -1 id
2018-08-26 20:27:38,351, UserController, [ERROR]: Error. There is no user with username no_user
2018-08-26 20:27:38,355, UserController, [ERROR]: Error. User with name tester can't be registred. User with this name/email is already registed
2018-08-26 20:27:38,359, UserController, [ERROR]: Error. User with name tester can't be registred. User with this name/email is already registed
2018-08-26 20:28:02,364, ProjectController, [ERROR]: User tester have no permissions in gtj project
2018-08-26 20:28:03,525, ProjectController, [ERROR]: User tester is already exist in this project
2018-08-26 20:28:03,563, ProjectController, [ERROR]: Incorrect password for tester
2018-08-26 20:28:03,570, UserController, [ERROR]: There is no user with 'tester_no' username
2018-08-26 20:28:03,749, ProjectController, [ERROR]: User KReal is not exist
2018-08-26 20:28:03,797, ProjectController, [ERROR]: User tester have no permissions in gtj project
2018-08-26 20:28:03,841, CategoryController, [ERROR]: User tester have not permission to create category in this project
2018-08-26 20:28:03,863, CategoryController, [ERROR]: User KReal have not permission to create category in this project
2018-08-26 20:28:03,891, CategoryController, [ERROR]: Incorrect password for tester
2018-08-26 20:28:03,894, UserController, [ERROR]: There is no user with 'tester111' username
2018-08-26 20:28:03,908, CategoryController, [ERROR]: User tester have not permission to create category in this project
2018-08-26 20:28:03,945, UserController, [ERROR]: There is no user with 'adm1n' username
2018-08-26 20:28:03,948, UserController, [ERROR]: There is no user with -1 id
2018-08-26 20:28:04,016, UserController, [ERROR]: Error. There is no user with username no_user
2018-08-26 20:28:04,018, UserController, [ERROR]: Error. User with name tester can't be registred. User with this name/email is already registed
2018-08-26 20:28:04,021, UserController, [ERROR]: Error. User with name tester can't be registred. User with this name/email is already registed
2018-08-26 20:30:02,019, ProjectController, [ERROR]: User tester have no permissions in gtj project
2018-08-26 20:30:02,544, ProjectController, [ERROR]: User tester is already exist in this project
2018-08-26 20:30:02,563, ProjectController, [ERROR]: Incorrect password for tester
2018-08-26 20:30:02,565, UserController, [ERROR]: There is no user with 'tester_no' username
2018-08-26 20:30:02,690, ProjectController, [ERROR]: User KReal is not exist
2018-08-26 20:30:02,772, ProjectController, [ERROR]: User tester have no permissions in gtj project
2018-08-26 20:30:02,847, CategoryController, [ERROR]: User tester have not permission to create category in this project
2018-08-26 20:30:02,886, CategoryController, [ERROR]: User KReal have not permission to create category in this project
2018-08-26 20:30:02,910, CategoryController, [ERROR]: User tester have not permission to create category in this project
2018-08-26 20:30:02,932, CategoryController, [ERROR]: User tester have not permission to create category in this project
2018-08-26 20:30:02,936, CategoryController, [ERROR]: Incorrect password for tester
2018-08-26 20:30:02,939, UserController, [ERROR]: There is no user with 'tester111' username
2018-08-26 20:30:02,954, CategoryController, [ERROR]: User tester have not permission to create category in this project
2018-08-26 20:30:02,984, UserController, [ERROR]: There is no user with 'adm1n' username
2018-08-26 20:30:02,986, UserController, [ERROR]: There is no user with -1 id
2018-08-26 20:30:03,042, UserController, [ERROR]: Error. There is no user with username no_user
2018-08-26 20:30:03,047, UserController, [ERROR]: Error. User with name tester can't be registred. User with this name/email is already registed
2018-08-26 20:30:03,051, UserController, [ERROR]: Error. User with name tester can't be registred. User with this name/email is already registed
2018-08-26 20:31:01,539, ProjectController, [ERROR]: User tester have no permissions in gtj project
2018-08-26 20:31:02,545, ProjectController, [ERROR]: User tester is already exist in this project
2018-08-26 20:31:02,564, ProjectController, [ERROR]: Incorrect password for tester
2018-08-26 20:31:02,567, UserController, [ERROR]: There is no user with 'tester_no' username
2018-08-26 20:31:02,695, ProjectController, [ERROR]: User KReal is not exist
2018-08-26 20:31:02,760, ProjectController, [ERROR]: User tester have no permissions in gtj project
2018-08-26 20:31:02,801, CategoryController, [ERROR]: User tester have not permission to create category in this project
2018-08-26 20:31:02,819, CategoryController, [ERROR]: User KReal have not permission to create category in this project
2018-08-26 20:31:02,829, CategoryController, [ERROR]: User tester have not permission to create category in this project
2018-08-26 20:31:02,838, CategoryController, [ERROR]: User tester have not permission to create category in this project
2018-08-26 20:31:02,840, CategoryController, [ERROR]: Incorrect password for tester
2018-08-26 20:31:02,843, UserController, [ERROR]: There is no user with 'tester111' username
2018-08-26 20:31:02,861, CategoryController, [ERROR]: User tester have not permission to create category in this project
2018-08-26 20:31:02,894, UserController, [ERROR]: There is no user with 'adm1n' username
2018-08-26 20:31:02,898, UserController, [ERROR]: There is no user with -1 id
2018-08-26 20:31:02,942, UserController, [ERROR]: Error. There is no user with username no_user
2018-08-26 20:31:02,945, UserController, [ERROR]: Error. User with name tester can't be registred. User with this name/email is already registed
2018-08-26 20:31:02,948, UserController, [ERROR]: Error. User with name tester can't be registred. User with this name/email is already registed
2018-08-26 20:31:24,073, ProjectController, [ERROR]: User tester have no permissions in gtj project
2018-08-26 20:31:24,985, ProjectController, [ERROR]: User tester is already exist in this project
2018-08-26 20:31:25,012, ProjectController, [ERROR]: Incorrect password for tester
2018-08-26 20:31:25,018, UserController, [ERROR]: There is no user with 'tester_no' username
2018-08-26 20:31:25,187, ProjectController, [ERROR]: User KReal is not exist
2018-08-26 20:31:25,271, ProjectController, [ERROR]: User tester have no permissions in gtj project
2018-08-26 20:31:25,346, CategoryController, [ERROR]: User tester have not permission to create category in this project
2018-08-26 20:31:25,392, CategoryController, [ERROR]: User KReal have not permission to create category in this project
2018-08-26 20:31:25,454, CategoryController, [ERROR]: Incorrect password for tester
2018-08-26 20:31:25,459, UserController, [ERROR]: There is no user with 'tester111' username
2018-08-26 20:31:25,494, CategoryController, [ERROR]: User tester have not permission to create category in this project
2018-08-26 20:31:25,540, UserController, [ERROR]: There is no user with 'adm1n' username
2018-08-26 20:31:25,543, UserController, [ERROR]: There is no user with -1 id
2018-08-26 20:31:25,600, UserController, [ERROR]: Error. There is no user with username no_user
2018-08-26 20:31:25,604, UserController, [ERROR]: Error. User with name tester can't be registred. User with this name/email is already registed
2018-08-26 20:31:25,608, UserController, [ERROR]: Error. User with name tester can't be registred. User with this name/email is already registed
2018-08-26 20:31:49,554, ProjectController, [ERROR]: User tester have no permissions in gtj project
2018-08-26 20:31:50,227, ProjectController, [ERROR]: User tester is already exist in this project
2018-08-26 20:31:50,257, ProjectController, [ERROR]: Incorrect password for tester
2018-08-26 20:31:50,261, UserController, [ERROR]: There is no user with 'tester_no' username
2018-08-26 20:31:50,427, ProjectController, [ERROR]: User KReal is not exist
2018-08-26 20:31:50,510, ProjectController, [ERROR]: User tester have no permissions in gtj project
2018-08-26 20:31:50,586, CategoryController, [ERROR]: User tester have not permission to create category in this project
2018-08-26 20:31:50,610, CategoryController, [ERROR]: User KReal have not permission to create category in this project
2018-08-26 20:31:50,638, CategoryController, [ERROR]: Incorrect password for tester
2018-08-26 20:31:50,641, UserController, [ERROR]: There is no user with 'tester111' username
2018-08-26 20:31:50,658, CategoryController, [ERROR]: User tester have not permission to create category in this project
2018-08-26 20:31:50,698, UserController, [ERROR]: There is no user with 'adm1n' username
2018-08-26 20:31:50,701, UserController, [ERROR]: There is no user with -1 id
2018-08-26 20:31:50,777, UserController, [ERROR]: Error. There is no user with username no_user
2018-08-26 20:31:50,780, UserController, [ERROR]: Error. User with name tester can't be registred. User with this name/email is already registed
2018-08-26 20:31:50,782, UserController, [ERROR]: Error. User with name tester can't be registred. User with this name/email is already registed
2018-08-26 20:32:10,452, ProjectController, [ERROR]: User tester have no permissions in gtj project
2018-08-26 20:32:11,052, ProjectController, [ERROR]: User tester is already exist in this project
2018-08-26 20:32:11,092, ProjectController, [ERROR]: Incorrect password for tester
2018-08-26 20:32:11,097, UserController, [ERROR]: There is no user with 'tester_no' username
2018-08-26 20:32:11,246, ProjectController, [ERROR]: User KReal is not exist
2018-08-26 20:32:11,320, ProjectController, [ERROR]: User tester have no permissions in gtj project
2018-08-26 20:32:11,379, CategoryController, [ERROR]: User tester have not permission to create category in this project
2018-08-26 20:32:11,405, CategoryController, [ERROR]: User KReal have not permission to create category in this project
2018-08-26 20:32:11,444, CategoryController, [ERROR]: Incorrect password for tester
2018-08-26 20:32:11,447, UserController, [ERROR]: There is no user with 'tester111' username
2018-08-26 20:32:11,468, CategoryController, [ERROR]: User tester have not permission to create category in this project
2018-08-26 20:32:11,516, UserController, [ERROR]: There is no user with 'adm1n' username
2018-08-26 20:32:11,520, UserController, [ERROR]: There is no user with -1 id
2018-08-26 20:32:11,582, UserController, [ERROR]: Error. There is no user with username no_user
2018-08-26 20:32:11,588, UserController, [ERROR]: Error. User with name tester can't be registred. User with this name/email is already registed
2018-08-26 20:32:11,593, UserController, [ERROR]: Error. User with name tester can't be registred. User with this name/email is already registed
2018-08-26 20:34:16,910, ProjectController, [ERROR]: User tester have no permissions in gtj project
2018-08-26 20:34:17,798, ProjectController, [ERROR]: User tester is already exist in this project
2018-08-26 20:34:17,829, ProjectController, [ERROR]: Incorrect password for tester
2018-08-26 20:34:17,835, UserController, [ERROR]: There is no user with 'tester_no' username
2018-08-26 20:34:17,938, ProjectController, [ERROR]: User KReal is not exist
2018-08-26 20:34:17,979, ProjectController, [ERROR]: User tester have no permissions in gtj project
2018-08-26 20:34:18,027, CategoryController, [ERROR]: User tester have not permission to create category in this project
2018-08-26 20:34:18,045, CategoryController, [ERROR]: User KReal have not permission to create category in this project
2018-08-26 20:34:18,069, CategoryController, [ERROR]: Incorrect password for tester
2018-08-26 20:34:18,071, UserController, [ERROR]: There is no user with 'tester111' username
2018-08-26 20:34:18,084, CategoryController, [ERROR]: User tester have not permission to create category in this project
2018-08-26 20:34:18,113, UserController, [ERROR]: There is no user with 'adm1n' username
2018-08-26 20:34:18,116, UserController, [ERROR]: There is no user with -1 id
2018-08-26 20:34:18,171, UserController, [ERROR]: Error. There is no user with username no_user
2018-08-26 20:34:18,176, UserController, [ERROR]: Error. User with name tester can't be registred. User with this name/email is already registed
2018-08-26 20:34:18,180, UserController, [ERROR]: Error. User with name tester can't be registred. User with this name/email is already registed
2018-08-26 20:39:45,819, ProjectController, [ERROR]: User tester have no permissions in gtj project
2018-08-26 20:39:46,630, ProjectController, [ERROR]: User tester is already exist in this project
2018-08-26 20:39:46,657, ProjectController, [ERROR]: Incorrect password for tester
2018-08-26 20:39:46,661, UserController, [ERROR]: There is no user with 'tester_no' username
2018-08-26 20:39:46,829, ProjectController, [ERROR]: User KReal is not exist
2018-08-26 20:39:46,899, ProjectController, [ERROR]: User tester have no permissions in gtj project
2018-08-26 20:39:46,981, CategoryController, [ERROR]: User tester have not permission to create category in this project
2018-08-26 20:39:47,004, CategoryController, [ERROR]: User KReal have not permission to create category in this project
2018-08-26 20:39:47,038, CategoryController, [ERROR]: Incorrect password for tester
2018-08-26 20:39:47,042, UserController, [ERROR]: There is no user with 'tester111' username
2018-08-26 20:39:47,064, CategoryController, [ERROR]: User tester have not permission to create category in this project
2018-08-26 20:39:47,104, UserController, [ERROR]: There is no user with 'adm1n' username
2018-08-26 20:39:47,107, UserController, [ERROR]: There is no user with -1 id
2018-08-26 20:39:47,167, UserController, [ERROR]: Error. There is no user with username no_user
2018-08-26 20:39:47,171, UserController, [ERROR]: Error. User with name tester can't be registred. User with this name/email is already registed
2018-08-26 20:39:47,174, UserController, [ERROR]: Error. User with name tester can't be registred. User with this name/email is already registed
2018-08-26 20:40:35,589, ProjectController, [ERROR]: User tester have no permissions in gtj project
2018-08-26 20:40:36,481, ProjectController, [ERROR]: User tester is already exist in this project
2018-08-26 20:40:36,500, ProjectController, [ERROR]: Incorrect password for tester
2018-08-26 20:40:36,502, UserController, [ERROR]: There is no user with 'tester_no' username
2018-08-26 20:40:36,640, ProjectController, [ERROR]: User KReal is not exist
2018-08-26 20:40:36,713, ProjectController, [ERROR]: User tester have no permissions in gtj project
2018-08-26 20:40:36,796, CategoryController, [ERROR]: User tester have not permission to create category in this project
2018-08-26 20:40:36,825, CategoryController, [ERROR]: User KReal have not permission to create category in this project
2018-08-26 20:40:36,867, CategoryController, [ERROR]: Incorrect password for tester
2018-08-26 20:40:36,871, UserController, [ERROR]: There is no user with 'tester111' username
2018-08-26 20:40:36,903, CategoryController, [ERROR]: User tester have not permission to create category in this project
2018-08-26 20:40:36,961, UserController, [ERROR]: There is no user with 'adm1n' username
2018-08-26 20:40:36,964, UserController, [ERROR]: There is no user with -1 id
2018-08-26 20:40:37,023, UserController, [ERROR]: Error. There is no user with username no_user
2018-08-26 20:40:37,027, UserController, [ERROR]: Error. User with name tester can't be registred. User with this name/email is already registed
2018-08-26 20:40:37,031, UserController, [ERROR]: Error. User with name tester can't be registred. User with this name/email is already registed
2018-08-26 20:42:03,455, ProjectController, [ERROR]: User tester have no permissions in gtj project
2018-08-26 20:42:04,099, ProjectController, [ERROR]: User tester is already exist in this project
2018-08-26 20:42:04,159, ProjectController, [ERROR]: Incorrect password for tester
2018-08-26 20:42:04,164, UserController, [ERROR]: There is no user with 'tester_no' username
2018-08-26 20:42:04,350, ProjectController, [ERROR]: User KReal is not exist
2018-08-26 20:42:04,435, ProjectController, [ERROR]: User tester have no permissions in gtj project
2018-08-26 20:42:04,541, CategoryController, [ERROR]: User tester have not permission to create category in this project
2018-08-26 20:42:04,580, CategoryController, [ERROR]: User KReal have not permission to create category in this project
2018-08-26 20:42:04,631, CategoryController, [ERROR]: Incorrect password for tester
2018-08-26 20:42:04,635, UserController, [ERROR]: There is no user with 'tester111' username
2018-08-26 20:42:04,668, CategoryController, [ERROR]: User tester have not permission to create category in this project
2018-08-26 20:42:04,729, UserController, [ERROR]: There is no user with 'adm1n' username
2018-08-26 20:42:04,734, UserController, [ERROR]: There is no user with -1 id
2018-08-26 20:42:04,803, UserController, [ERROR]: Error. There is no user with username no_user
2018-08-26 20:42:04,807, UserController, [ERROR]: Error. User with name tester can't be registred. User with this name/email is already registed
2018-08-26 20:42:04,811, UserController, [ERROR]: Error. User with name tester can't be registred. User with this name/email is already registed
2018-08-26 20:48:06,526, ProjectController, [ERROR]: User tester have no permissions in gtj project
2018-08-26 20:48:07,188, ProjectController, [ERROR]: User tester is already exist in this project
2018-08-26 20:48:07,223, ProjectController, [ERROR]: Incorrect password for tester
2018-08-26 20:48:07,227, UserController, [ERROR]: There is no user with 'tester_no' username
2018-08-26 20:48:07,404, ProjectController, [ERROR]: User KReal is not exist
2018-08-26 20:48:07,495, ProjectController, [ERROR]: User tester have no permissions in gtj project
2018-08-26 20:48:07,597, CategoryController, [ERROR]: User tester have not permission to create category in this project
2018-08-26 20:48:07,636, CategoryController, [ERROR]: User KReal have not permission to create category in this project
2018-08-26 20:48:07,653, CategoryController, [ERROR]: User KReal have not permission to create category in this project
2018-08-26 20:48:07,680, CategoryController, [ERROR]: Incorrect password for tester
2018-08-26 20:48:07,684, UserController, [ERROR]: There is no user with 'tester111' username
2018-08-26 20:48:07,714, CategoryController, [ERROR]: User tester have not permission to create category in this project
2018-08-26 20:48:07,781, UserController, [ERROR]: There is no user with 'adm1n' username
2018-08-26 20:48:07,787, UserController, [ERROR]: There is no user with -1 id
2018-08-26 20:48:07,856, UserController, [ERROR]: Error. There is no user with username no_user
2018-08-26 20:48:07,862, UserController, [ERROR]: Error. User with name tester can't be registred. User with this name/email is already registed
2018-08-26 20:48:07,867, UserController, [ERROR]: Error. User with name tester can't be registred. User with this name/email is already registed
2018-08-26 23:09:27,524, ProjectController, [ERROR]: User tester have no permissions in gtj project
2018-08-26 23:09:28,106, ProjectController, [ERROR]: User tester is already exist in this project
2018-08-26 23:09:28,157, ProjectController, [ERROR]: Incorrect password for tester
2018-08-26 23:09:28,159, UserController, [ERROR]: There is no user with 'tester_no' username
2018-08-26 23:09:28,249, ProjectController, [ERROR]: User KReal is not exist
2018-08-26 23:09:28,297, ProjectController, [ERROR]: User tester have no permissions in gtj project
2018-08-26 23:09:28,343, CategoryController, [ERROR]: User tester have not permission to create category in this project
2018-08-26 23:09:28,359, CategoryController, [ERROR]: User KReal have not permission to create category in this project
2018-08-26 23:09:28,370, CategoryController, [ERROR]: User KReal have not permission to create category in this project
2018-08-26 23:09:28,382, CategoryController, [ERROR]: Incorrect password for tester
2018-08-26 23:09:28,385, UserController, [ERROR]: There is no user with 'tester111' username
2018-08-26 23:09:28,400, CategoryController, [ERROR]: User tester have not permission to create category in this project
2018-08-26 23:09:28,479, UserController, [ERROR]: There is no user with 'adm1n' username
2018-08-26 23:09:28,482, UserController, [ERROR]: There is no user with -1 id
2018-08-26 23:09:28,551, UserController, [ERROR]: Error. There is no user with username no_user
2018-08-26 23:09:28,558, UserController, [ERROR]: Error. User with name tester can't be registred. User with this name/email is already registed
2018-08-26 23:09:28,563, UserController, [ERROR]: Error. User with name tester can't be registred. User with this name/email is already registed
2018-08-26 23:10:14,400, ProjectController, [ERROR]: User tester have no permissions in gtj project
2018-08-26 23:10:14,834, ProjectController, [ERROR]: User tester is already exist in this project
2018-08-26 23:10:14,847, ProjectController, [ERROR]: Incorrect password for tester
2018-08-26 23:10:14,849, UserController, [ERROR]: There is no user with 'tester_no' username
2018-08-26 23:10:14,949, ProjectController, [ERROR]: User KReal is not exist
2018-08-26 23:10:14,987, ProjectController, [ERROR]: User tester have no permissions in gtj project
2018-08-26 23:10:15,018, CategoryController, [ERROR]: User tester have not permission to create category in this project
2018-08-26 23:10:15,032, CategoryController, [ERROR]: User KReal have not permission to create category in this project
2018-08-26 23:10:15,039, CategoryController, [ERROR]: User KReal have not permission to create category in this project
2018-08-26 23:10:15,050, CategoryController, [ERROR]: Incorrect password for tester
2018-08-26 23:10:15,052, UserController, [ERROR]: There is no user with 'tester111' username
2018-08-26 23:10:15,064, CategoryController, [ERROR]: User tester have not permission to create category in this project
2018-08-26 23:10:15,087, CategoryController, [ERROR]: User KReal have no permission to edit desc of test1
2018-08-26 23:10:15,110, UserController, [ERROR]: There is no user with 'adm1n' username
2018-08-26 23:10:15,112, UserController, [ERROR]: There is no user with -1 id
2018-08-26 23:10:15,140, UserController, [ERROR]: Error. There is no user with username no_user
2018-08-26 23:10:15,143, UserController, [ERROR]: Error. User with name tester can't be registred. User with this name/email is already registed
2018-08-26 23:10:15,146, UserController, [ERROR]: Error. User with name tester can't be registred. User with this name/email is already registed
2018-08-26 23:11:34,118, ProjectController, [ERROR]: User tester have no permissions in gtj project
2018-08-26 23:11:34,566, ProjectController, [ERROR]: User tester is already exist in this project
2018-08-26 23:11:34,595, ProjectController, [ERROR]: Incorrect password for tester
2018-08-26 23:11:34,597, UserController, [ERROR]: There is no user with 'tester_no' username
2018-08-26 23:11:34,699, ProjectController, [ERROR]: User KReal is not exist
2018-08-26 23:11:34,742, ProjectController, [ERROR]: User tester have no permissions in gtj project
2018-08-26 23:11:34,776, CategoryController, [ERROR]: User tester have not permission to create category in this project
2018-08-26 23:11:34,789, CategoryController, [ERROR]: User KReal have not permission to create category in this project
2018-08-26 23:11:34,799, CategoryController, [ERROR]: User KReal have not permission to create category in this project
2018-08-26 23:11:34,808, CategoryController, [ERROR]: Incorrect password for tester
2018-08-26 23:11:34,811, UserController, [ERROR]: There is no user with 'tester111' username
2018-08-26 23:11:34,827, CategoryController, [ERROR]: User tester have not permission to create category in this project
2018-08-26 23:11:34,856, CategoryController, [ERROR]: User KReal have no permission to edit desc of test1
2018-08-26 23:11:34,868, CategoryController, [ERROR]: User tester have no permission to edit desc of gtj
2018-08-26 23:11:34,890, UserController, [ERROR]: There is no user with 'adm1n' username
2018-08-26 23:11:34,891, UserController, [ERROR]: There is no user with -1 id
2018-08-26 23:11:34,927, UserController, [ERROR]: Error. There is no user with username no_user
2018-08-26 23:11:34,929, UserController, [ERROR]: Error. User with name tester can't be registred. User with this name/email is already registed
2018-08-26 23:11:34,931, UserController, [ERROR]: Error. User with name tester can't be registred. User with this name/email is already registed
2018-08-26 23:16:32,939, ProjectController, [ERROR]: User tester have no permissions in gtj project
2018-08-26 23:16:33,350, ProjectController, [ERROR]: User tester is already exist in this project
2018-08-26 23:16:33,374, ProjectController, [ERROR]: Incorrect password for tester
2018-08-26 23:16:33,376, UserController, [ERROR]: There is no user with 'tester_no' username
2018-08-26 23:16:33,474, ProjectController, [ERROR]: User KReal is not exist
2018-08-26 23:16:33,506, ProjectController, [ERROR]: User tester have no permissions in gtj project
2018-08-26 23:16:33,538, CategoryController, [ERROR]: User tester have not permission to create category in this project
2018-08-26 23:16:33,551, CategoryController, [ERROR]: User KReal have not permission to create category in this project
2018-08-26 23:16:33,558, CategoryController, [ERROR]: User KReal have not permission to create category in this project
2018-08-26 23:16:33,568, CategoryController, [ERROR]: Incorrect password for tester
2018-08-26 23:16:33,570, UserController, [ERROR]: There is no user with 'tester111' username
2018-08-26 23:16:33,582, CategoryController, [ERROR]: User tester have not permission to create category in this project
2018-08-26 23:16:33,607, CategoryController, [ERROR]: User KReal have no permission to edit desc of test1
2018-08-26 23:16:33,616, CategoryController, [ERROR]: User tester have no permission to edit desc of gtj
2018-08-26 23:16:33,640, UserController, [ERROR]: There is no user with 'adm1n' username
2018-08-26 23:16:33,642, UserController, [ERROR]: There is no user with -1 id
2018-08-26 23:16:33,662, UserController, [ERROR]: Error. There is no user with username no_user
2018-08-26 23:16:33,664, UserController, [ERROR]: Error. User with name tester can't be registred. User with this name/email is already registed
2018-08-26 23:16:33,665, UserController, [ERROR]: Error. User with name tester can't be registred. User with this name/email is already registed
2018-08-26 23:16:44,759, ProjectController, [ERROR]: User tester have no permissions in gtj project
2018-08-26 23:16:45,174, ProjectController, [ERROR]: User tester is already exist in this project
2018-08-26 23:16:45,186, ProjectController, [ERROR]: Incorrect password for tester
2018-08-26 23:16:45,187, UserController, [ERROR]: There is no user with 'tester_no' username
2018-08-26 23:16:45,295, ProjectController, [ERROR]: User KReal is not exist
2018-08-26 23:16:45,329, ProjectController, [ERROR]: User tester have no permissions in gtj project
2018-08-26 23:16:45,362, CategoryController, [ERROR]: User tester have not permission to create category in this project
2018-08-26 23:16:45,375, CategoryController, [ERROR]: User KReal have not permission to create category in this project
2018-08-26 23:16:45,384, CategoryController, [ERROR]: User KReal have not permission to create category in this project
2018-08-26 23:16:45,393, CategoryController, [ERROR]: Incorrect password for tester
2018-08-26 23:16:45,395, UserController, [ERROR]: There is no user with 'tester111' username
2018-08-26 23:16:45,407, CategoryController, [ERROR]: User tester have not permission to create category in this project
2018-08-26 23:16:45,431, CategoryController, [ERROR]: User KReal have no permission to edit desc of test1
2018-08-26 23:16:45,440, CategoryController, [ERROR]: User tester have no permission to edit desc of gtj
2018-08-26 23:16:45,459, CategoryController, [ERROR]: Incorrect password for tester
2018-08-26 23:16:45,465, UserController, [ERROR]: There is no user with 'adm1n' username
2018-08-26 23:16:45,467, UserController, [ERROR]: There is no user with -1 id
2018-08-26 23:16:45,485, UserController, [ERROR]: Error. There is no user with username no_user
2018-08-26 23:16:45,487, UserController, [ERROR]: Error. User with name tester can't be registred. User with this name/email is already registed
2018-08-26 23:16:45,489, UserController, [ERROR]: Error. User with name tester can't be registred. User with this name/email is already registed
2018-08-26 23:17:23,924, ProjectController, [ERROR]: User tester have no permissions in gtj project
2018-08-26 23:17:24,425, ProjectController, [ERROR]: User tester is already exist in this project
2018-08-26 23:17:24,444, ProjectController, [ERROR]: Incorrect password for tester
2018-08-26 23:17:24,446, UserController, [ERROR]: There is no user with 'tester_no' username
2018-08-26 23:17:24,559, ProjectController, [ERROR]: User KReal is not exist
2018-08-26 23:17:24,596, ProjectController, [ERROR]: User tester have no permissions in gtj project
2018-08-26 23:17:24,626, CategoryController, [ERROR]: User tester have not permission to create category in this project
2018-08-26 23:17:24,639, CategoryController, [ERROR]: User KReal have not permission to create category in this project
2018-08-26 23:17:24,646, CategoryController, [ERROR]: User KReal have not permission to create category in this project
2018-08-26 23:17:24,655, CategoryController, [ERROR]: Incorrect password for tester
2018-08-26 23:17:24,657, UserController, [ERROR]: There is no user with 'tester111' username
2018-08-26 23:17:24,669, CategoryController, [ERROR]: User tester have not permission to create category in this project
2018-08-26 23:17:24,693, CategoryController, [ERROR]: User KReal have no permission to edit desc of test1
2018-08-26 23:17:24,706, CategoryController, [ERROR]: User tester have no permission to edit desc of gtj
2018-08-26 23:17:24,727, CategoryController, [ERROR]: Incorrect password for tester
2018-08-26 23:17:24,733, UserController, [ERROR]: There is no user with 'adm1n' username
2018-08-26 23:17:24,735, UserController, [ERROR]: There is no user with -1 id
2018-08-26 23:17:24,765, UserController, [ERROR]: Error. There is no user with username no_user
2018-08-26 23:17:24,767, UserController, [ERROR]: Error. User with name tester can't be registred. User with this name/email is already registed
2018-08-26 23:17:24,768, UserController, [ERROR]: Error. User with name tester can't be registred. User with this name/email is already registed
2018-08-26 23:18:28,183, ProjectController, [ERROR]: User tester have no permissions in gtj project
2018-08-26 23:18:28,752, ProjectController, [ERROR]: User tester is already exist in this project
2018-08-26 23:18:28,765, ProjectController, [ERROR]: Incorrect password for tester
2018-08-26 23:18:28,767, UserController, [ERROR]: There is no user with 'tester_no' username
2018-08-26 23:18:28,865, ProjectController, [ERROR]: User KReal is not exist
2018-08-26 23:18:28,897, ProjectController, [ERROR]: User tester have no permissions in gtj project
2018-08-26 23:18:28,931, CategoryController, [ERROR]: User tester have not permission to create category in this project
2018-08-26 23:18:28,944, CategoryController, [ERROR]: User KReal have not permission to create category in this project
2018-08-26 23:18:28,951, CategoryController, [ERROR]: User KReal have not permission to create category in this project
2018-08-26 23:18:28,961, CategoryController, [ERROR]: Incorrect password for tester
2018-08-26 23:18:28,963, UserController, [ERROR]: There is no user with 'tester111' username
2018-08-26 23:18:28,975, CategoryController, [ERROR]: User tester have not permission to create category in this project
2018-08-26 23:18:28,999, CategoryController, [ERROR]: User KReal have no permission to edit desc of test1
2018-08-26 23:18:29,009, CategoryController, [ERROR]: User tester have no permission to edit desc of gtj
2018-08-26 23:18:29,031, CategoryController, [ERROR]: Incorrect password for tester
2018-08-26 23:18:29,037, UserController, [ERROR]: There is no user with 'adm1n' username
2018-08-26 23:18:29,039, UserController, [ERROR]: There is no user with -1 id
2018-08-26 23:18:29,064, UserController, [ERROR]: Error. There is no user with username no_user
2018-08-26 23:18:29,065, UserController, [ERROR]: Error. User with name tester can't be registred. User with this name/email is already registed
2018-08-26 23:18:29,067, UserController, [ERROR]: Error. User with name tester can't be registred. User with this name/email is already registed
2018-08-26 23:18:58,881, ProjectController, [ERROR]: User tester have no permissions in gtj project
2018-08-26 23:18:59,298, ProjectController, [ERROR]: User tester is already exist in this project
2018-08-26 23:18:59,320, ProjectController, [ERROR]: Incorrect password for tester
2018-08-26 23:18:59,322, UserController, [ERROR]: There is no user with 'tester_no' username
2018-08-26 23:18:59,434, ProjectController, [ERROR]: User KReal is not exist
2018-08-26 23:18:59,471, ProjectController, [ERROR]: User tester have no permissions in gtj project
2018-08-26 23:18:59,500, CategoryController, [ERROR]: User tester have not permission to create category in this project
2018-08-26 23:18:59,513, CategoryController, [ERROR]: User KReal have not permission to create category in this project
2018-08-26 23:18:59,519, CategoryController, [ERROR]: User KReal have not permission to create category in this project
2018-08-26 23:18:59,530, CategoryController, [ERROR]: Incorrect password for tester
2018-08-26 23:18:59,532, UserController, [ERROR]: There is no user with 'tester111' username
2018-08-26 23:18:59,541, CategoryController, [ERROR]: User tester have not permission to create category in this project
2018-08-26 23:18:59,567, CategoryController, [ERROR]: User KReal have no permission to edit desc of test1
2018-08-26 23:18:59,577, CategoryController, [ERROR]: User tester have no permission to edit desc of gtj
2018-08-26 23:18:59,611, UserController, [ERROR]: There is no user with 'adm1n' username
2018-08-26 23:18:59,613, UserController, [ERROR]: There is no user with -1 id
2018-08-26 23:18:59,630, UserController, [ERROR]: Error. There is no user with username no_user
2018-08-26 23:18:59,632, UserController, [ERROR]: Error. User with name tester can't be registred. User with this name/email is already registed
2018-08-26 23:18:59,633, UserController, [ERROR]: Error. User with name tester can't be registred. User with this name/email is already registed
2018-08-26 23:19:13,192, ProjectController, [ERROR]: User tester have no permissions in gtj project
2018-08-26 23:19:13,973, ProjectController, [ERROR]: User tester is already exist in this project
2018-08-26 23:19:14,135, ProjectController, [ERROR]: Incorrect password for tester
2018-08-26 23:19:14,140, UserController, [ERROR]: There is no user with 'tester_no' username
2018-08-26 23:19:14,569, ProjectController, [ERROR]: User KReal is not exist
2018-08-26 23:19:14,622, ProjectController, [ERROR]: User tester have no permissions in gtj project
2018-08-26 23:19:14,651, CategoryController, [ERROR]: User tester have not permission to create category in this project
2018-08-26 23:19:14,664, CategoryController, [ERROR]: User KReal have not permission to create category in this project
2018-08-26 23:19:14,670, CategoryController, [ERROR]: User KReal have not permission to create category in this project
2018-08-26 23:19:14,681, CategoryController, [ERROR]: Incorrect password for tester
2018-08-26 23:19:14,682, UserController, [ERROR]: There is no user with 'tester111' username
2018-08-26 23:19:14,692, CategoryController, [ERROR]: User tester have not permission to create category in this project
2018-08-26 23:19:14,720, CategoryController, [ERROR]: User KReal have no permission to edit desc of test1
2018-08-26 23:19:14,730, CategoryController, [ERROR]: User tester have no permission to edit desc of gtj
2018-08-26 23:19:14,758, UserController, [ERROR]: There is no user with 'adm1n' username
2018-08-26 23:19:14,760, UserController, [ERROR]: There is no user with -1 id
2018-08-26 23:19:14,856, UserController, [ERROR]: Error. There is no user with username no_user
2018-08-26 23:19:14,863, UserController, [ERROR]: Error. User with name tester can't be registred. User with this name/email is already registed
2018-08-26 23:19:14,869, UserController, [ERROR]: Error. User with name tester can't be registred. User with this name/email is already registed
2018-08-26 23:25:27,472, ProjectController, [ERROR]: User tester have no permissions in gtj project
2018-08-26 23:25:27,908, ProjectController, [ERROR]: User tester is already exist in this project
2018-08-26 23:25:27,920, ProjectController, [ERROR]: Incorrect password for tester
2018-08-26 23:25:27,922, UserController, [ERROR]: There is no user with 'tester_no' username
2018-08-26 23:25:28,001, ProjectController, [ERROR]: User KReal is not exist
2018-08-26 23:25:28,040, ProjectController, [ERROR]: User tester have no permissions in gtj project
2018-08-26 23:25:28,079, CategoryController, [ERROR]: User tester have not permission to create category in this project
2018-08-26 23:25:28,098, CategoryController, [ERROR]: User KReal have not permission to create category in this project
2018-08-26 23:25:28,109, CategoryController, [ERROR]: User KReal have not permission to create category in this project
2018-08-26 23:25:28,121, CategoryController, [ERROR]: Incorrect password for tester
2018-08-26 23:25:28,124, UserController, [ERROR]: There is no user with 'tester111' username
2018-08-26 23:25:28,136, CategoryController, [ERROR]: User tester have not permission to create category in this project
2018-08-26 23:25:28,167, CategoryController, [ERROR]: User KReal have no permission to edit desc of test1
2018-08-26 23:25:28,179, CategoryController, [ERROR]: User tester have no permission to edit desc of gtj
2018-08-26 23:25:28,233, UserController, [ERROR]: There is no user with 'adm1n' username
2018-08-26 23:25:28,234, UserController, [ERROR]: There is no user with -1 id
2018-08-26 23:25:28,268, UserController, [ERROR]: Error. There is no user with username no_user
2018-08-26 23:25:28,271, UserController, [ERROR]: Error. User with name tester can't be registred. User with this name/email is already registed
2018-08-26 23:25:28,273, UserController, [ERROR]: Error. User with name tester can't be registred. User with this name/email is already registed
2018-08-26 23:26:56,067, ProjectController, [ERROR]: User tester have no permissions in gtj project
2018-08-26 23:26:56,492, ProjectController, [ERROR]: User tester is already exist in this project
2018-08-26 23:26:56,510, ProjectController, [ERROR]: Incorrect password for tester
2018-08-26 23:26:56,512, UserController, [ERROR]: There is no user with 'tester_no' username
2018-08-26 23:26:56,626, ProjectController, [ERROR]: User KReal is not exist
2018-08-26 23:26:56,659, ProjectController, [ERROR]: User tester have no permissions in gtj project
2018-08-26 23:26:56,689, CategoryController, [ERROR]: User tester have not permission to create category in this project
2018-08-26 23:26:56,702, CategoryController, [ERROR]: User KReal have not permission to create category in this project
2018-08-26 23:26:56,710, CategoryController, [ERROR]: User KReal have not permission to create category in this project
2018-08-26 23:26:56,719, CategoryController, [ERROR]: Incorrect password for tester
2018-08-26 23:26:56,721, UserController, [ERROR]: There is no user with 'tester111' username
2018-08-26 23:26:56,732, CategoryController, [ERROR]: User tester have not permission to create category in this project
2018-08-26 23:26:56,757, CategoryController, [ERROR]: User KReal have no permission to edit desc of test1
2018-08-26 23:26:56,766, CategoryController, [ERROR]: User tester have no permission to edit desc of gtj
2018-08-26 23:26:56,794, UserController, [ERROR]: There is no user with 'adm1n' username
2018-08-26 23:26:56,795, UserController, [ERROR]: There is no user with -1 id
2018-08-26 23:26:56,820, UserController, [ERROR]: Error. There is no user with username no_user
2018-08-26 23:26:56,822, UserController, [ERROR]: Error. User with name tester can't be registred. User with this name/email is already registed
2018-08-26 23:26:56,823, UserController, [ERROR]: Error. User with name tester can't be registred. User with this name/email is already registed
2018-08-26 23:27:03,688, ProjectController, [ERROR]: User tester have no permissions in gtj project
2018-08-26 23:27:04,142, ProjectController, [ERROR]: User tester is already exist in this project
2018-08-26 23:27:04,166, ProjectController, [ERROR]: Incorrect password for tester
2018-08-26 23:27:04,168, UserController, [ERROR]: There is no user with 'tester_no' username
2018-08-26 23:27:04,291, ProjectController, [ERROR]: User KReal is not exist
2018-08-26 23:27:04,327, ProjectController, [ERROR]: User tester have no permissions in gtj project
2018-08-26 23:27:04,360, CategoryController, [ERROR]: User tester have not permission to create category in this project
2018-08-26 23:27:04,374, CategoryController, [ERROR]: User KReal have not permission to create category in this project
2018-08-26 23:27:04,380, CategoryController, [ERROR]: User KReal have not permission to create category in this project
2018-08-26 23:27:04,392, CategoryController, [ERROR]: Incorrect password for tester
2018-08-26 23:27:04,394, UserController, [ERROR]: There is no user with 'tester111' username
2018-08-26 23:27:04,404, CategoryController, [ERROR]: User tester have not permission to create category in this project
2018-08-26 23:27:04,429, CategoryController, [ERROR]: User KReal have no permission to edit desc of test1
2018-08-26 23:27:04,439, CategoryController, [ERROR]: User tester have no permission to edit desc of gtj
2018-08-26 23:27:04,472, UserController, [ERROR]: There is no user with 'adm1n' username
2018-08-26 23:27:04,474, UserController, [ERROR]: There is no user with -1 id
2018-08-26 23:27:04,510, UserController, [ERROR]: Error. There is no user with username no_user
2018-08-26 23:27:04,511, UserController, [ERROR]: Error. User with name tester can't be registred. User with this name/email is already registed
2018-08-26 23:27:04,512, UserController, [ERROR]: Error. User with name tester can't be registred. User with this name/email is already registed
2018-08-26 23:27:10,230, ProjectController, [ERROR]: User tester have no permissions in gtj project
2018-08-26 23:27:10,665, ProjectController, [ERROR]: User tester is already exist in this project
2018-08-26 23:27:10,690, ProjectController, [ERROR]: Incorrect password for tester
2018-08-26 23:27:10,693, UserController, [ERROR]: There is no user with 'tester_no' username
2018-08-26 23:27:10,819, ProjectController, [ERROR]: User KReal is not exist
2018-08-26 23:27:10,853, ProjectController, [ERROR]: User tester have no permissions in gtj project
2018-08-26 23:27:10,883, CategoryController, [ERROR]: User tester have not permission to create category in this project
2018-08-26 23:27:10,899, CategoryController, [ERROR]: User KReal have not permission to create category in this project
2018-08-26 23:27:10,905, CategoryController, [ERROR]: User KReal have not permission to create category in this project
2018-08-26 23:27:10,915, CategoryController, [ERROR]: Incorrect password for tester
2018-08-26 23:27:10,916, UserController, [ERROR]: There is no user with 'tester111' username
2018-08-26 23:27:10,925, CategoryController, [ERROR]: User tester have not permission to create category in this project
2018-08-26 23:27:10,952, CategoryController, [ERROR]: User KReal have no permission to edit desc of test1
2018-08-26 23:27:10,961, CategoryController, [ERROR]: User tester have no permission to edit desc of gtj
2018-08-26 23:27:10,996, UserController, [ERROR]: There is no user with 'adm1n' username
2018-08-26 23:27:10,997, UserController, [ERROR]: There is no user with -1 id
2018-08-26 23:27:11,021, UserController, [ERROR]: Error. There is no user with username no_user
2018-08-26 23:27:11,023, UserController, [ERROR]: Error. User with name tester can't be registred. User with this name/email is already registed
2018-08-26 23:27:11,025, UserController, [ERROR]: Error. User with name tester can't be registred. User with this name/email is already registed
2018-08-26 23:27:19,596, ProjectController, [ERROR]: User tester have no permissions in gtj project
2018-08-26 23:27:20,096, ProjectController, [ERROR]: User tester is already exist in this project
2018-08-26 23:27:20,111, ProjectController, [ERROR]: Incorrect password for tester
2018-08-26 23:27:20,113, UserController, [ERROR]: There is no user with 'tester_no' username
2018-08-26 23:27:20,226, ProjectController, [ERROR]: User KReal is not exist
2018-08-26 23:27:20,266, ProjectController, [ERROR]: User tester have no permissions in gtj project
2018-08-26 23:27:20,297, CategoryController, [ERROR]: User tester have not permission to create category in this project
2018-08-26 23:27:20,309, CategoryController, [ERROR]: User KReal have not permission to create category in this project
2018-08-26 23:27:20,317, CategoryController, [ERROR]: User KReal have not permission to create category in this project
2018-08-26 23:27:20,326, CategoryController, [ERROR]: Incorrect password for tester
2018-08-26 23:27:20,327, UserController, [ERROR]: There is no user with 'tester111' username
2018-08-26 23:27:20,338, CategoryController, [ERROR]: User tester have not permission to create category in this project
2018-08-26 23:27:20,361, CategoryController, [ERROR]: User KReal have no permission to edit desc of test1
2018-08-26 23:27:20,369, CategoryController, [ERROR]: User tester have no permission to edit desc of gtj
2018-08-26 23:27:20,407, UserController, [ERROR]: There is no user with 'adm1n' username
2018-08-26 23:27:20,408, UserController, [ERROR]: There is no user with -1 id
2018-08-26 23:27:20,436, UserController, [ERROR]: Error. There is no user with username no_user
2018-08-26 23:27:20,441, UserController, [ERROR]: Error. User with name tester can't be registred. User with this name/email is already registed
2018-08-26 23:27:20,446, UserController, [ERROR]: Error. User with name tester can't be registred. User with this name/email is already registed
2018-08-26 23:27:37,013, ProjectController, [ERROR]: User tester have no permissions in gtj project
2018-08-26 23:27:37,524, ProjectController, [ERROR]: User tester is already exist in this project
2018-08-26 23:27:37,545, ProjectController, [ERROR]: Incorrect password for tester
2018-08-26 23:27:37,547, UserController, [ERROR]: There is no user with 'tester_no' username
2018-08-26 23:27:37,631, ProjectController, [ERROR]: User KReal is not exist
2018-08-26 23:27:37,666, ProjectController, [ERROR]: User tester have no permissions in gtj project
2018-08-26 23:27:37,694, CategoryController, [ERROR]: User tester have not permission to create category in this project
2018-08-26 23:27:37,708, CategoryController, [ERROR]: User KReal have not permission to create category in this project
2018-08-26 23:27:37,715, CategoryController, [ERROR]: User KReal have not permission to create category in this project
2018-08-26 23:27:37,726, CategoryController, [ERROR]: Incorrect password for tester
2018-08-26 23:27:37,729, UserController, [ERROR]: There is no user with 'tester111' username
2018-08-26 23:27:37,740, CategoryController, [ERROR]: User tester have not permission to create category in this project
2018-08-26 23:27:37,769, CategoryController, [ERROR]: User KReal have no permission to edit desc of test1
2018-08-26 23:27:37,780, CategoryController, [ERROR]: User tester have no permission to edit desc of gtj
2018-08-26 23:27:37,815, UserController, [ERROR]: There is no user with 'adm1n' username
2018-08-26 23:27:37,818, UserController, [ERROR]: There is no user with -1 id
2018-08-26 23:27:37,844, UserController, [ERROR]: Error. There is no user with username no_user
2018-08-26 23:27:37,845, UserController, [ERROR]: Error. User with name tester can't be registred. User with this name/email is already registed
2018-08-26 23:27:37,847, UserController, [ERROR]: Error. User with name tester can't be registred. User with this name/email is already registed
2018-08-26 23:44:17,576, ProjectController, [ERROR]: User tester have no permissions in gtj project
2018-08-26 23:44:18,026, ProjectController, [ERROR]: User tester is already exist in this project
2018-08-26 23:44:18,046, ProjectController, [ERROR]: Incorrect password for tester
2018-08-26 23:44:18,048, UserController, [ERROR]: There is no user with 'tester_no' username
2018-08-26 23:44:18,138, ProjectController, [ERROR]: User KReal is not exist
2018-08-26 23:44:18,181, ProjectController, [ERROR]: User tester have no permissions in gtj project
2018-08-26 23:44:18,223, CategoryController, [ERROR]: User tester have not permission to create category in this project
2018-08-26 23:44:18,243, CategoryController, [ERROR]: User KReal have not permission to create category in this project
2018-08-26 23:44:18,251, CategoryController, [ERROR]: User KReal have not permission to create category in this project
2018-08-26 23:44:18,262, CategoryController, [ERROR]: Incorrect password for tester
2018-08-26 23:44:18,264, UserController, [ERROR]: There is no user with 'tester111' username
2018-08-26 23:44:18,275, CategoryController, [ERROR]: User tester have not permission to create category in this project
2018-08-26 23:44:18,304, CategoryController, [ERROR]: User KReal have no permission to edit desc of test1
2018-08-26 23:44:18,316, CategoryController, [ERROR]: User tester have no permission to edit desc of gtj
2018-08-26 23:44:18,352, UserController, [ERROR]: There is no user with 'adm1n' username
2018-08-26 23:44:18,354, UserController, [ERROR]: There is no user with -1 id
2018-08-26 23:44:18,378, UserController, [ERROR]: Error. There is no user with username no_user
2018-08-26 23:44:18,380, UserController, [ERROR]: Error. User with name tester can't be registred. User with this name/email is already registed
2018-08-26 23:44:18,382, UserController, [ERROR]: Error. User with name tester can't be registred. User with this name/email is already registed
2018-08-26 23:44:27,887, ProjectController, [ERROR]: User tester have no permissions in gtj project
2018-08-26 23:44:28,343, ProjectController, [ERROR]: User tester is already exist in this project
2018-08-26 23:44:28,356, ProjectController, [ERROR]: Incorrect password for tester
2018-08-26 23:44:28,358, UserController, [ERROR]: There is no user with 'tester_no' username
2018-08-26 23:44:28,467, ProjectController, [ERROR]: User KReal is not exist
2018-08-26 23:44:28,530, ProjectController, [ERROR]: User tester have no permissions in gtj project
2018-08-26 23:44:28,561, CategoryController, [ERROR]: User tester have not permission to create category in this project
2018-08-26 23:44:28,575, CategoryController, [ERROR]: User KReal have not permission to create category in this project
2018-08-26 23:44:28,585, CategoryController, [ERROR]: User KReal have not permission to create category in this project
2018-08-26 23:44:28,595, CategoryController, [ERROR]: Incorrect password for tester
2018-08-26 23:44:28,597, UserController, [ERROR]: There is no user with 'tester111' username
2018-08-26 23:44:28,607, CategoryController, [ERROR]: User tester have not permission to create category in this project
2018-08-26 23:44:28,632, CategoryController, [ERROR]: User KReal have no permission to edit desc of test1
2018-08-26 23:44:28,643, CategoryController, [ERROR]: User tester have no permission to edit desc of gtj
2018-08-26 23:44:28,668, CategoryController, [ERROR]: There is no category with that id (-1)
2018-08-26 23:44:28,675, UserController, [ERROR]: There is no user with 'adm1n' username
2018-08-26 23:44:28,678, UserController, [ERROR]: There is no user with -1 id
2018-08-26 23:44:28,712, UserController, [ERROR]: Error. There is no user with username no_user
2018-08-26 23:44:28,714, UserController, [ERROR]: Error. User with name tester can't be registred. User with this name/email is already registed
2018-08-26 23:44:28,717, UserController, [ERROR]: Error. User with name tester can't be registred. User with this name/email is already registed
2018-08-26 23:51:03,067, ProjectController, [ERROR]: User tester have no permissions in gtj project
2018-08-26 23:51:03,561, ProjectController, [ERROR]: User tester is already exist in this project
2018-08-26 23:51:03,585, ProjectController, [ERROR]: Incorrect password for tester
2018-08-26 23:51:03,587, UserController, [ERROR]: There is no user with 'tester_no' username
2018-08-26 23:51:03,708, ProjectController, [ERROR]: User KReal is not exist
2018-08-26 23:51:03,741, ProjectController, [ERROR]: User tester have no permissions in gtj project
2018-08-26 23:51:03,772, CategoryController, [ERROR]: User tester have not permission to create category in this project
2018-08-26 23:51:03,784, CategoryController, [ERROR]: User KReal have not permission to create category in this project
2018-08-26 23:51:03,791, CategoryController, [ERROR]: User KReal have not permission to create category in this project
2018-08-26 23:51:03,799, CategoryController, [ERROR]: Incorrect password for tester
2018-08-26 23:51:03,801, UserController, [ERROR]: There is no user with 'tester111' username
2018-08-26 23:51:03,814, CategoryController, [ERROR]: User tester have not permission to create category in this project
2018-08-26 23:51:03,837, CategoryController, [ERROR]: User KReal have no permission to edit desc of test1
2018-08-26 23:51:03,848, CategoryController, [ERROR]: User tester have no permission to edit desc of gtj
2018-08-26 23:51:03,875, CategoryController, [ERROR]: There is no category with that id (-1)
2018-08-26 23:51:03,886, UserController, [ERROR]: There is no user with 'adm1n' username
2018-08-26 23:51:03,888, UserController, [ERROR]: There is no user with -1 id
2018-08-26 23:51:03,917, UserController, [ERROR]: Error. There is no user with username no_user
2018-08-26 23:51:03,919, UserController, [ERROR]: Error. User with name tester can't be registred. User with this name/email is already registed
2018-08-26 23:51:03,921, UserController, [ERROR]: Error. User with name tester can't be registred. User with this name/email is already registed
2018-08-27 00:23:38,360, ProjectController, [ERROR]: User tester have no permissions in gtj project
2018-08-27 00:23:38,795, ProjectController, [ERROR]: User tester is already exist in this project
2018-08-27 00:23:38,810, ProjectController, [ERROR]: Incorrect password for tester
2018-08-27 00:23:38,812, UserController, [ERROR]: There is no user with 'tester_no' username
2018-08-27 00:23:38,885, ProjectController, [ERROR]: User KReal is not exist
2018-08-27 00:23:38,917, ProjectController, [ERROR]: User tester have no permissions in gtj project
2018-08-27 00:23:38,947, CategoryController, [ERROR]: User tester have not permission to create category in this project
2018-08-27 00:23:38,961, CategoryController, [ERROR]: User KReal have not permission to create category in this project
2018-08-27 00:23:38,967, CategoryController, [ERROR]: User KReal have not permission to create category in this project
2018-08-27 00:23:38,978, CategoryController, [ERROR]: Incorrect password for tester
2018-08-27 00:23:38,979, UserController, [ERROR]: There is no user with 'tester111' username
2018-08-27 00:23:38,989, CategoryController, [ERROR]: User tester have not permission to create category in this project
2018-08-27 00:23:39,013, CategoryController, [ERROR]: User KReal have no permission to edit desc of test1
2018-08-27 00:23:39,022, CategoryController, [ERROR]: User tester have no permission to edit desc of gtj
2018-08-27 00:23:39,047, CategoryController, [ERROR]: There is no category with that id (-1)
2018-08-27 00:23:39,055, TaskController, [ERROR]: Incorrect password for tester
2018-08-27 00:23:39,062, UserController, [ERROR]: There is no user with 'adm1n' username
2018-08-27 00:23:39,063, UserController, [ERROR]: There is no user with -1 id
2018-08-27 00:23:39,168, UserController, [ERROR]: Error. There is no user with username no_user
2018-08-27 00:23:39,175, UserController, [ERROR]: Error. User with name tester can't be registred. User with this name/email is already registed
2018-08-27 00:23:39,181, UserController, [ERROR]: Error. User with name tester can't be registred. User with this name/email is already registed
2018-08-27 00:24:21,914, ProjectController, [ERROR]: User tester have no permissions in gtj project
2018-08-27 00:24:22,320, ProjectController, [ERROR]: User tester is already exist in this project
2018-08-27 00:24:22,342, ProjectController, [ERROR]: Incorrect password for tester
2018-08-27 00:24:22,343, UserController, [ERROR]: There is no user with 'tester_no' username
2018-08-27 00:24:22,453, ProjectController, [ERROR]: User KReal is not exist
2018-08-27 00:24:22,485, ProjectController, [ERROR]: User tester have no permissions in gtj project
2018-08-27 00:24:22,517, CategoryController, [ERROR]: User tester have not permission to create category in this project
2018-08-27 00:24:22,529, CategoryController, [ERROR]: User KReal have not permission to create category in this project
2018-08-27 00:24:22,537, CategoryController, [ERROR]: User KReal have not permission to create category in this project
2018-08-27 00:24:22,546, CategoryController, [ERROR]: Incorrect password for tester
2018-08-27 00:24:22,548, UserController, [ERROR]: There is no user with 'tester111' username
2018-08-27 00:24:22,560, CategoryController, [ERROR]: User tester have not permission to create category in this project
2018-08-27 00:24:22,597, CategoryController, [ERROR]: User KReal have no permission to edit desc of test1
2018-08-27 00:24:22,608, CategoryController, [ERROR]: User tester have no permission to edit desc of gtj
2018-08-27 00:24:22,640, CategoryController, [ERROR]: There is no category with that id (-1)
2018-08-27 00:24:22,646, TaskController, [ERROR]: Incorrect password for tester
2018-08-27 00:24:22,653, UserController, [ERROR]: There is no user with 'adm1n' username
2018-08-27 00:24:22,655, UserController, [ERROR]: There is no user with -1 id
2018-08-27 00:24:22,742, UserController, [ERROR]: Error. There is no user with username no_user
2018-08-27 00:24:22,747, UserController, [ERROR]: Error. User with name tester can't be registred. User with this name/email is already registed
2018-08-27 00:24:22,754, UserController, [ERROR]: Error. User with name tester can't be registred. User with this name/email is already registed
2018-08-27 00:26:10,611, ProjectController, [ERROR]: User tester have no permissions in gtj project
2018-08-27 00:26:11,110, ProjectController, [ERROR]: User tester is already exist in this project
2018-08-27 00:26:11,123, ProjectController, [ERROR]: Incorrect password for tester
2018-08-27 00:26:11,125, UserController, [ERROR]: There is no user with 'tester_no' username
2018-08-27 00:26:11,199, ProjectController, [ERROR]: User KReal is not exist
2018-08-27 00:26:11,232, ProjectController, [ERROR]: User tester have no permissions in gtj project
2018-08-27 00:26:11,263, CategoryController, [ERROR]: User tester have not permission to create category in this project
2018-08-27 00:26:11,276, CategoryController, [ERROR]: User KReal have not permission to create category in this project
2018-08-27 00:26:11,283, CategoryController, [ERROR]: User KReal have not permission to create category in this project
2018-08-27 00:26:11,292, CategoryController, [ERROR]: Incorrect password for tester
2018-08-27 00:26:11,293, UserController, [ERROR]: There is no user with 'tester111' username
2018-08-27 00:26:11,305, CategoryController, [ERROR]: User tester have not permission to create category in this project
2018-08-27 00:26:11,330, CategoryController, [ERROR]: User KReal have no permission to edit desc of test1
2018-08-27 00:26:11,339, CategoryController, [ERROR]: User tester have no permission to edit desc of gtj
2018-08-27 00:26:11,365, CategoryController, [ERROR]: There is no category with that id (-1)
2018-08-27 00:26:11,372, TaskController, [ERROR]: Incorrect password for tester
2018-08-27 00:26:11,379, UserController, [ERROR]: There is no user with 'adm1n' username
2018-08-27 00:26:11,381, UserController, [ERROR]: There is no user with -1 id
2018-08-27 00:26:11,405, UserController, [ERROR]: Error. There is no user with username no_user
2018-08-27 00:26:11,408, UserController, [ERROR]: Error. User with name tester can't be registred. User with this name/email is already registed
2018-08-27 00:26:11,411, UserController, [ERROR]: Error. User with name tester can't be registred. User with this name/email is already registed
2018-08-27 09:57:38,419, ProjectController, [ERROR]: User tester have no permissions in gtj project
2018-08-27 09:57:38,991, ProjectController, [ERROR]: User tester is already exist in this project
2018-08-27 09:57:39,041, ProjectController, [ERROR]: Incorrect password for tester
2018-08-27 09:57:39,046, UserController, [ERROR]: There is no user with 'tester_no' username
2018-08-27 09:57:39,146, ProjectController, [ERROR]: User KReal is not exist
2018-08-27 09:57:39,178, ProjectController, [ERROR]: User tester have no permissions in gtj project
2018-08-27 09:57:39,207, CategoryController, [ERROR]: User tester have not permission to create category in this project
2018-08-27 09:57:39,223, CategoryController, [ERROR]: User KReal have not permission to create category in this project
2018-08-27 09:57:39,230, CategoryController, [ERROR]: User KReal have not permission to create category in this project
2018-08-27 09:57:39,243, CategoryController, [ERROR]: Incorrect password for tester
2018-08-27 09:57:39,245, UserController, [ERROR]: There is no user with 'tester111' username
2018-08-27 09:57:39,257, CategoryController, [ERROR]: User tester have not permission to create category in this project
2018-08-27 09:57:39,284, CategoryController, [ERROR]: User KReal have no permission to edit desc of test1
2018-08-27 09:57:39,293, CategoryController, [ERROR]: User tester have no permission to edit desc of gtj
2018-08-27 09:57:39,320, CategoryController, [ERROR]: There is no category with that id (-1)
2018-08-27 09:57:39,327, TaskController, [ERROR]: Incorrect password for tester
2018-08-27 09:57:39,337, UserController, [ERROR]: There is no user with 'adm1n' username
2018-08-27 09:57:39,339, UserController, [ERROR]: There is no user with -1 id
2018-08-27 09:57:39,462, UserController, [ERROR]: Error. There is no user with username no_user
2018-08-27 09:57:39,466, UserController, [ERROR]: Error. User with name tester can't be registred. User with this name/email is already registed
2018-08-27 09:57:39,469, UserController, [ERROR]: Error. User with name tester can't be registred. User with this name/email is already registed
2018-08-27 10:15:05,763, TaskController, [ERROR]: Incorrect password for tester
2018-08-27 10:16:47,556, TaskController, [ERROR]: Incorrect password for tester
2018-08-27 10:17:51,160, TaskController, [ERROR]: Incorrect password for tester
2018-08-27 10:27:25,729, TaskController, [ERROR]: Incorrect password for tester
2018-08-27 10:27:43,199, TaskController, [ERROR]: Incorrect password for tester
2018-08-27 10:50:34,775, TaskController, [ERROR]: Incorrect password for tester
2018-08-27 10:50:34,783, TaskController, [ERROR]: Task with this name is already exist
2018-08-27 10:53:27,848, TaskController, [ERROR]: Task with this name is already exist
2018-08-27 10:53:27,850, TaskController, [ERROR]: Incorrect password for tester
2018-08-27 10:53:27,857, TaskController, [ERROR]: Task with this name is already exist
2018-08-27 10:53:27,862, CategoryController, [ERROR]: There is no category with that id (-1)
2018-08-27 10:57:06,231, TaskController, [ERROR]: Task with this name is already exist
2018-08-27 10:57:06,232, TaskController, [ERROR]: Incorrect password for tester
2018-08-27 10:57:06,239, TaskController, [ERROR]: Task with this name is already exist
2018-08-27 10:57:06,244, CategoryController, [ERROR]: There is no category with that id (-1)
2018-08-27 10:59:05,855, TaskController, [ERROR]: Task with this name is already exist
2018-08-27 10:59:05,860, TaskController, [ERROR]: Incorrect password for tester
2018-08-27 10:59:05,888, TaskController, [ERROR]: Task with this name is already exist
2018-08-27 10:59:05,903, CategoryController, [ERROR]: There is no category with that id (-1)
2018-08-27 11:00:09,865, TaskController, [ERROR]: Incorrect password for tester
2018-08-27 11:00:09,888, CategoryController, [ERROR]: There is no category with that id (-1)
2018-08-27 11:00:38,648, TaskController, [ERROR]: Task with this name is already exist
2018-08-27 11:00:38,653, TaskController, [ERROR]: Incorrect password for tester
2018-08-27 11:00:38,684, CategoryController, [ERROR]: There is no category with that id (-1)
2018-08-27 11:07:04,511, TaskController, [ERROR]: Task with this name is already exist
2018-08-27 11:07:04,512, TaskController, [ERROR]: Incorrect password for tester
2018-08-27 11:07:04,530, CategoryController, [ERROR]: There is no category with that id (-1)
2018-08-27 11:07:59,362, TaskController, [ERROR]: Task with this name is already exist
2018-08-27 11:07:59,365, TaskController, [ERROR]: Incorrect password for tester
2018-08-27 11:07:59,387, CategoryController, [ERROR]: There is no category with that id (-1)
2018-08-27 11:08:27,869, TaskController, [ERROR]: Task with this name is already exist
2018-08-27 11:08:27,871, TaskController, [ERROR]: Incorrect password for tester
2018-08-27 11:08:27,899, CategoryController, [ERROR]: There is no category with that id (-1)
2018-08-27 11:09:09,481, TaskController, [ERROR]: Task with this name is already exist
2018-08-27 11:09:09,482, TaskController, [ERROR]: Incorrect password for tester
2018-08-27 11:09:09,500, CategoryController, [ERROR]: There is no category with that id (-1)
2018-08-27 11:14:14,750, TaskController, [ERROR]: Task with this name is already exist
2018-08-27 11:14:14,752, TaskController, [ERROR]: Incorrect password for tester
2018-08-27 11:14:14,761, ProjectController, [ERROR]: User tester have no permissions in gtj project
2018-08-27 11:14:14,771, CategoryController, [ERROR]: There is no category with that id (-1)
2018-08-27 11:17:34,710, TaskController, [ERROR]: Task with this name is already exist
2018-08-27 11:17:34,712, TaskController, [ERROR]: EndDate 2017-12-08 00:00:00 is before StartDate 2018-10-08 00:00:00
2018-08-27 11:17:34,714, TaskController, [ERROR]: Incorrect password for tester
2018-08-27 11:17:34,725, ProjectController, [ERROR]: User tester have no permissions in gtj project
2018-08-27 11:17:34,735, CategoryController, [ERROR]: There is no category with that id (-1)
2018-08-27 11:22:23,711, TaskController, [ERROR]: Task with this name is already exist
2018-08-27 11:22:23,713, TaskController, [ERROR]: EndDate 2017-12-08 00:00:00 is before StartDate 2018-10-08 00:00:00
2018-08-27 11:22:23,715, TaskController, [ERROR]: Incorrect password for tester
2018-08-27 11:22:23,724, ProjectController, [ERROR]: User tester have no permissions in gtj project
2018-08-27 11:22:23,734, CategoryController, [ERROR]: There is no category with that id (-1)
2018-08-27 11:22:23,746, TaskController, [ERROR]: EndDate 2017-12-08 00:00:00 is before StartDate 2018-10-08 00:00:00
2018-08-27 11:24:22,826, TaskController, [ERROR]: Task with this name is already exist
2018-08-27 11:24:22,829, TaskController, [ERROR]: EndDate 2017-12-08 00:00:00 is before StartDate 2018-10-08 00:00:00
2018-08-27 11:24:22,831, TaskController, [ERROR]: Incorrect password for tester
2018-08-27 11:24:22,844, ProjectController, [ERROR]: User tester have no permissions in gtj project
2018-08-27 11:24:22,857, CategoryController, [ERROR]: There is no category with that id (-1)
2018-08-27 11:24:22,869, TaskController, [ERROR]: EndDate 2017-12-08 00:00:00 is before StartDate 2018-10-08 00:00:00
2018-08-27 11:31:26,934, TaskController, [ERROR]: Task with this name is already exist
2018-08-27 11:31:26,936, TaskController, [ERROR]: EndDate 2017-12-08 00:00:00 is before StartDate 2018-10-08 00:00:00
2018-08-27 11:31:26,937, UserController, [ERROR]: There is no user with 'testerergb' username
2018-08-27 11:31:26,939, TaskController, [ERROR]: Incorrect password for tester
2018-08-27 11:31:26,950, ProjectController, [ERROR]: User tester have no permissions in gtj project
2018-08-27 11:31:26,964, CategoryController, [ERROR]: There is no category with that id (-1)
2018-08-27 11:31:26,975, TaskController, [ERROR]: EndDate 2017-12-08 00:00:00 is before StartDate 2018-10-08 00:00:00
2018-08-27 11:32:26,187, TaskController, [ERROR]: Task with this name is already exist
2018-08-27 11:32:26,189, TaskController, [ERROR]: EndDate 2017-12-08 00:00:00 is before StartDate 2018-10-08 00:00:00
2018-08-27 11:32:26,190, UserController, [ERROR]: There is no user with 'testerergb' username
2018-08-27 11:32:26,192, TaskController, [ERROR]: Incorrect password for tester
2018-08-27 11:32:26,203, ProjectController, [ERROR]: User tester have no permissions in gtj project
2018-08-27 11:32:26,215, CategoryController, [ERROR]: There is no category with that id (-1)
2018-08-27 11:32:26,229, TaskController, [ERROR]: EndDate 2017-12-08 00:00:00 is before StartDate 2018-10-08 00:00:00
2018-08-27 11:33:07,753, TaskController, [ERROR]: Task with this name is already exist
2018-08-27 11:33:07,755, TaskController, [ERROR]: EndDate 2017-12-08 00:00:00 is before StartDate 2018-10-08 00:00:00
2018-08-27 11:33:07,756, UserController, [ERROR]: There is no user with 'testerergb' username
2018-08-27 11:33:07,758, TaskController, [ERROR]: Incorrect password for tester
2018-08-27 11:33:07,768, ProjectController, [ERROR]: User tester have no permissions in gtj project
2018-08-27 11:33:07,780, CategoryController, [ERROR]: There is no category with that id (-1)
2018-08-27 11:33:07,790, TaskController, [ERROR]: EndDate 2017-12-08 00:00:00 is before StartDate 2018-10-08 00:00:00
2018-08-27 11:37:27,638, ProjectController, [ERROR]: User tester have no permissions in gtj project
2018-08-27 11:37:28,035, ProjectController, [ERROR]: User tester is already exist in this project
2018-08-27 11:37:28,048, ProjectController, [ERROR]: Incorrect password for tester
2018-08-27 11:37:28,049, UserController, [ERROR]: There is no user with 'tester_no' username
2018-08-27 11:37:28,126, ProjectController, [ERROR]: User KReal is not exist
2018-08-27 11:37:28,160, ProjectController, [ERROR]: User tester have no permissions in gtj project
2018-08-27 11:37:28,192, CategoryController, [ERROR]: User tester have not permission to create category in this project
2018-08-27 11:37:28,209, CategoryController, [ERROR]: User KReal have not permission to create category in this project
2018-08-27 11:37:28,216, CategoryController, [ERROR]: User KReal have not permission to create category in this project
2018-08-27 11:37:28,226, CategoryController, [ERROR]: Incorrect password for tester
2018-08-27 11:37:28,227, UserController, [ERROR]: There is no user with 'tester111' username
2018-08-27 11:37:28,238, CategoryController, [ERROR]: User tester have not permission to create category in this project
2018-08-27 11:37:28,265, CategoryController, [ERROR]: User KReal have no permission to edit desc of test1
2018-08-27 11:37:28,275, CategoryController, [ERROR]: User tester have no permission to edit desc of gtj
2018-08-27 11:37:28,302, CategoryController, [ERROR]: There is no category with that id (-1)
2018-08-27 11:37:28,347, TaskController, [ERROR]: Task with this name is already exist
2018-08-27 11:37:28,349, TaskController, [ERROR]: EndDate 2017-12-08 00:00:00 is before StartDate 2018-10-08 00:00:00
2018-08-27 11:37:28,351, UserController, [ERROR]: There is no user with 'testerergb' username
2018-08-27 11:37:28,354, TaskController, [ERROR]: Incorrect password for tester
2018-08-27 11:37:28,364, ProjectController, [ERROR]: User tester have no permissions in gtj project
2018-08-27 11:37:28,374, CategoryController, [ERROR]: There is no category with that id (-1)
2018-08-27 11:37:28,388, TaskController, [ERROR]: EndDate 2017-12-08 00:00:00 is before StartDate 2018-10-08 00:00:00
2018-08-27 11:37:28,409, UserController, [ERROR]: There is no user with 'adm1n' username
2018-08-27 11:37:28,411, UserController, [ERROR]: There is no user with -1 id
2018-08-27 11:37:28,439, UserController, [ERROR]: Error. There is no user with username no_user
2018-08-27 11:37:28,443, UserController, [ERROR]: Error. User with name tester can't be registred. User with this name/email is already registed
2018-08-27 11:37:28,445, UserController, [ERROR]: Error. User with name tester can't be registred. User with this name/email is already registed
2018-08-27 11:49:55,306, TaskController, [ERROR]: Task with this name is already exist
2018-08-27 11:49:55,308, TaskController, [ERROR]: EndDate 2017-12-08 00:00:00 is before StartDate 2018-10-08 00:00:00
2018-08-27 11:49:55,310, UserController, [ERROR]: There is no user with 'testerergb' username
2018-08-27 11:49:55,313, TaskController, [ERROR]: Incorrect password for tester
2018-08-27 11:49:55,325, ProjectController, [ERROR]: User tester have no permissions in gtj project
2018-08-27 11:49:55,338, CategoryController, [ERROR]: There is no category with that id (-1)
2018-08-27 11:49:55,350, TaskController, [ERROR]: EndDate 2017-12-08 00:00:00 is before StartDate 2018-10-08 00:00:00
2018-08-27 11:49:55,484, ProjectController, [ERROR]: Incorrect password for tester
2018-08-27 11:49:55,486, UserController, [ERROR]: There is no user with 'test3r' username
2018-08-27 11:58:10,973, TaskController, [ERROR]: Task with this name is already exist
2018-08-27 11:58:10,976, TaskController, [ERROR]: EndDate 2017-12-08 00:00:00 is before StartDate 2018-10-08 00:00:00
2018-08-27 11:58:10,978, UserController, [ERROR]: There is no user with 'testerergb' username
2018-08-27 11:58:10,980, TaskController, [ERROR]: Incorrect password for tester
2018-08-27 11:58:10,987, ProjectController, [ERROR]: User tester have no permissions in gtj project
2018-08-27 11:58:10,998, CategoryController, [ERROR]: There is no category with that id (-1)
2018-08-27 11:58:11,010, TaskController, [ERROR]: EndDate 2017-12-08 00:00:00 is before StartDate 2018-10-08 00:00:00
2018-08-27 11:58:11,139, ProjectController, [ERROR]: Incorrect password for tester
2018-08-27 11:58:11,141, UserController, [ERROR]: There is no user with 'test3r' username
2018-08-27 11:58:24,130, TaskController, [ERROR]: Task with this name is already exist
2018-08-27 11:58:24,144, TaskController, [ERROR]: Task with this name is already exist
2018-08-27 11:58:24,146, TaskController, [ERROR]: EndDate 2017-12-08 00:00:00 is before StartDate 2018-10-08 00:00:00
2018-08-27 11:58:24,147, UserController, [ERROR]: There is no user with 'testerergb' username
2018-08-27 11:58:24,149, TaskController, [ERROR]: Incorrect password for tester
2018-08-27 11:58:24,160, ProjectController, [ERROR]: User tester have no permissions in gtj project
2018-08-27 11:58:24,171, CategoryController, [ERROR]: There is no category with that id (-1)
2018-08-27 11:58:24,182, TaskController, [ERROR]: EndDate 2017-12-08 00:00:00 is before StartDate 2018-10-08 00:00:00
2018-08-27 11:58:24,324, ProjectController, [ERROR]: Incorrect password for tester
2018-08-27 11:58:24,325, UserController, [ERROR]: There is no user with 'test3r' username
2018-08-27 12:00:19,765, TaskController, [ERROR]: Task with this name is already exist
2018-08-27 12:00:19,767, TaskController, [ERROR]: EndDate 2017-12-08 00:00:00 is before StartDate 2018-10-08 00:00:00
2018-08-27 12:00:19,768, UserController, [ERROR]: There is no user with 'testerergb' username
2018-08-27 12:00:19,770, TaskController, [ERROR]: Incorrect password for tester
2018-08-27 12:00:19,778, ProjectController, [ERROR]: User tester have no permissions in gtj project
2018-08-27 12:00:19,788, CategoryController, [ERROR]: There is no category with that id (-1)
2018-08-27 12:00:19,807, TaskController, [ERROR]: EndDate 2017-12-08 00:00:00 is before StartDate 2018-10-08 00:00:00
2018-08-27 12:00:19,984, ProjectController, [ERROR]: Incorrect password for tester
2018-08-27 12:00:19,986, UserController, [ERROR]: There is no user with 'test3r' username
2018-08-27 12:00:43,877, TaskController, [ERROR]: Task with this name is already exist
2018-08-27 12:00:43,879, TaskController, [ERROR]: EndDate 2017-12-08 00:00:00 is before StartDate 2018-10-08 00:00:00
2018-08-27 12:00:43,880, UserController, [ERROR]: There is no user with 'testerergb' username
2018-08-27 12:00:43,882, TaskController, [ERROR]: Incorrect password for tester
2018-08-27 12:00:43,891, ProjectController, [ERROR]: User tester have no permissions in gtj project
2018-08-27 12:00:43,901, CategoryController, [ERROR]: There is no category with that id (-1)
2018-08-27 12:00:43,913, TaskController, [ERROR]: EndDate 2017-12-08 00:00:00 is before StartDate 2018-10-08 00:00:00
2018-08-27 12:00:44,046, ProjectController, [ERROR]: Incorrect password for tester
2018-08-27 12:00:44,048, UserController, [ERROR]: There is no user with 'test3r' username
2018-08-27 12:01:04,821, TaskController, [ERROR]: Task with this name is already exist
2018-08-27 12:01:04,822, TaskController, [ERROR]: EndDate 2017-12-08 00:00:00 is before StartDate 2018-10-08 00:00:00
2018-08-27 12:01:04,824, UserController, [ERROR]: There is no user with 'testerergb' username
2018-08-27 12:01:04,826, TaskController, [ERROR]: Incorrect password for tester
2018-08-27 12:01:04,833, ProjectController, [ERROR]: User tester have no permissions in gtj project
2018-08-27 12:01:04,845, CategoryController, [ERROR]: There is no category with that id (-1)
2018-08-27 12:01:04,856, TaskController, [ERROR]: EndDate 2017-12-08 00:00:00 is before StartDate 2018-10-08 00:00:00
2018-08-27 12:01:04,983, ProjectController, [ERROR]: Incorrect password for tester
2018-08-27 12:01:04,984, UserController, [ERROR]: There is no user with 'test3r' username
2018-08-27 12:01:25,959, ProjectController, [ERROR]: User tester have no permissions in ForKirill project
2018-08-27 12:01:26,088, TaskController, [ERROR]: Task with this name is already exist
2018-08-27 12:01:26,091, TaskController, [ERROR]: EndDate 2017-12-08 00:00:00 is before StartDate 2018-10-08 00:00:00
2018-08-27 12:01:26,092, UserController, [ERROR]: There is no user with 'testerergb' username
2018-08-27 12:01:26,094, TaskController, [ERROR]: Incorrect password for tester
2018-08-27 12:01:26,102, ProjectController, [ERROR]: User tester have no permissions in gtj project
2018-08-27 12:01:26,114, CategoryController, [ERROR]: There is no category with that id (-1)
2018-08-27 12:01:26,125, TaskController, [ERROR]: EndDate 2017-12-08 00:00:00 is before StartDate 2018-10-08 00:00:00
2018-08-27 12:01:26,251, ProjectController, [ERROR]: Incorrect password for tester
2018-08-27 12:01:26,253, UserController, [ERROR]: There is no user with 'test3r' username
2018-08-27 12:05:28,101, TaskController, [ERROR]: Task with this name is already exist
2018-08-27 12:05:28,103, TaskController, [ERROR]: EndDate 2017-12-08 00:00:00 is before StartDate 2018-10-08 00:00:00
2018-08-27 12:05:28,104, UserController, [ERROR]: There is no user with 'testerergb' username
2018-08-27 12:05:28,106, TaskController, [ERROR]: Incorrect password for tester
2018-08-27 12:05:28,115, ProjectController, [ERROR]: User tester have no permissions in gtj project
2018-08-27 12:05:28,126, CategoryController, [ERROR]: There is no category with that id (-1)
2018-08-27 12:05:28,139, TaskController, [ERROR]: EndDate 2017-12-08 00:00:00 is before StartDate 2018-10-08 00:00:00
2018-08-27 12:05:28,295, ProjectController, [ERROR]: Incorrect password for tester
2018-08-27 12:05:28,297, UserController, [ERROR]: There is no user with 'test3r' username
2018-08-27 12:05:30,247, TaskController, [ERROR]: Task with this name is already exist
2018-08-27 12:05:30,261, TaskController, [ERROR]: Task with this name is already exist
2018-08-27 12:05:30,263, TaskController, [ERROR]: EndDate 2017-12-08 00:00:00 is before StartDate 2018-10-08 00:00:00
2018-08-27 12:05:30,265, UserController, [ERROR]: There is no user with 'testerergb' username
2018-08-27 12:05:30,267, TaskController, [ERROR]: Incorrect password for tester
2018-08-27 12:05:30,277, ProjectController, [ERROR]: User tester have no permissions in gtj project
2018-08-27 12:05:30,289, CategoryController, [ERROR]: There is no category with that id (-1)
2018-08-27 12:05:30,302, TaskController, [ERROR]: EndDate 2017-12-08 00:00:00 is before StartDate 2018-10-08 00:00:00
2018-08-27 12:05:30,472, ProjectController, [ERROR]: Incorrect password for tester
2018-08-27 12:05:30,473, UserController, [ERROR]: There is no user with 'test3r' username
2018-08-27 12:07:38,257, TaskController, [ERROR]: Task with this name is already exist
2018-08-27 12:07:38,275, TaskController, [ERROR]: Task with this name is already exist
2018-08-27 12:07:38,277, TaskController, [ERROR]: EndDate 2017-12-08 00:00:00 is before StartDate 2018-10-08 00:00:00
2018-08-27 12:07:38,279, UserController, [ERROR]: There is no user with 'testerergb' username
2018-08-27 12:07:38,281, TaskController, [ERROR]: Incorrect password for tester
2018-08-27 12:07:38,290, ProjectController, [ERROR]: User tester have no permissions in gtj project
2018-08-27 12:07:38,300, CategoryController, [ERROR]: There is no category with that id (-1)
2018-08-27 12:07:38,314, TaskController, [ERROR]: EndDate 2017-12-08 00:00:00 is before StartDate 2018-10-08 00:00:00
2018-08-27 12:07:38,506, ProjectController, [ERROR]: Incorrect password for tester
2018-08-27 12:07:38,508, UserController, [ERROR]: There is no user with 'test3r' username
2018-08-27 12:08:57,099, TaskController, [ERROR]: Task with this name is already exist
2018-08-27 12:08:57,110, TaskController, [ERROR]: Task with this name is already exist
2018-08-27 12:08:57,112, TaskController, [ERROR]: EndDate 2017-12-08 00:00:00 is before StartDate 2018-10-08 00:00:00
2018-08-27 12:08:57,114, UserController, [ERROR]: There is no user with 'testerergb' username
2018-08-27 12:08:57,117, TaskController, [ERROR]: Incorrect password for tester
2018-08-27 12:08:57,126, ProjectController, [ERROR]: User tester have no permissions in gtj project
2018-08-27 12:08:57,138, CategoryController, [ERROR]: There is no category with that id (-1)
2018-08-27 12:08:57,149, TaskController, [ERROR]: EndDate 2017-12-08 00:00:00 is before StartDate 2018-10-08 00:00:00
2018-08-27 12:08:57,279, ProjectController, [ERROR]: Incorrect password for tester
2018-08-27 12:08:57,280, UserController, [ERROR]: There is no user with 'test3r' username
2018-08-27 12:09:11,181, TaskController, [ERROR]: Task with this name is already exist
2018-08-27 12:09:11,184, TaskController, [ERROR]: EndDate 2017-12-08 00:00:00 is before StartDate 2018-10-08 00:00:00
2018-08-27 12:09:11,186, UserController, [ERROR]: There is no user with 'testerergb' username
2018-08-27 12:09:11,188, TaskController, [ERROR]: Incorrect password for tester
2018-08-27 12:09:11,196, ProjectController, [ERROR]: User tester have no permissions in gtj project
2018-08-27 12:09:11,206, CategoryController, [ERROR]: There is no category with that id (-1)
2018-08-27 12:09:11,218, TaskController, [ERROR]: EndDate 2017-12-08 00:00:00 is before StartDate 2018-10-08 00:00:00
2018-08-27 12:09:11,337, ProjectController, [ERROR]: Incorrect password for tester
2018-08-27 12:09:11,338, UserController, [ERROR]: There is no user with 'test3r' username
2018-08-27 12:09:12,724, TaskController, [ERROR]: Task with this name is already exist
2018-08-27 12:09:12,738, TaskController, [ERROR]: Task with this name is already exist
2018-08-27 12:09:12,740, TaskController, [ERROR]: EndDate 2017-12-08 00:00:00 is before StartDate 2018-10-08 00:00:00
2018-08-27 12:09:12,742, UserController, [ERROR]: There is no user with 'testerergb' username
2018-08-27 12:09:12,743, TaskController, [ERROR]: Incorrect password for tester
2018-08-27 12:09:12,754, ProjectController, [ERROR]: User tester have no permissions in gtj project
2018-08-27 12:09:12,766, CategoryController, [ERROR]: There is no category with that id (-1)
2018-08-27 12:09:12,778, TaskController, [ERROR]: EndDate 2017-12-08 00:00:00 is before StartDate 2018-10-08 00:00:00
2018-08-27 12:09:12,924, ProjectController, [ERROR]: Incorrect password for tester
2018-08-27 12:09:12,925, UserController, [ERROR]: There is no user with 'test3r' username
2018-08-27 12:11:07,074, ProjectController, [ERROR]: User tester have no permissions in gtj project
2018-08-27 12:11:07,509, ProjectController, [ERROR]: User tester is already exist in this project
2018-08-27 12:11:07,521, ProjectController, [ERROR]: Incorrect password for tester
2018-08-27 12:11:07,523, UserController, [ERROR]: There is no user with 'tester_no' username
2018-08-27 12:11:07,598, ProjectController, [ERROR]: User KReal is not exist
2018-08-27 12:11:07,634, ProjectController, [ERROR]: User tester have no permissions in gtj project
2018-08-27 12:11:07,670, CategoryController, [ERROR]: User tester have not permission to create category in this project
2018-08-27 12:11:07,686, CategoryController, [ERROR]: User KReal have not permission to create category in this project
2018-08-27 12:11:07,695, CategoryController, [ERROR]: User KReal have not permission to create category in this project
2018-08-27 12:11:07,704, CategoryController, [ERROR]: Incorrect password for tester
2018-08-27 12:11:07,706, UserController, [ERROR]: There is no user with 'tester111' username
2018-08-27 12:11:07,719, CategoryController, [ERROR]: User tester have not permission to create category in this project
2018-08-27 12:11:07,743, CategoryController, [ERROR]: User KReal have no permission to edit desc of test1
2018-08-27 12:11:07,753, CategoryController, [ERROR]: User tester have no permission to edit desc of gtj
2018-08-27 12:11:07,778, CategoryController, [ERROR]: There is no category with that id (-1)
2018-08-27 12:11:07,803, TaskController, [ERROR]: Task with this name is already exist
2018-08-27 12:11:07,816, TaskController, [ERROR]: Task with this name is already exist
2018-08-27 12:11:07,818, TaskController, [ERROR]: EndDate 2017-12-08 00:00:00 is before StartDate 2018-10-08 00:00:00
2018-08-27 12:11:07,820, UserController, [ERROR]: There is no user with 'testerergb' username
2018-08-27 12:11:07,821, TaskController, [ERROR]: Incorrect password for tester
2018-08-27 12:11:07,829, ProjectController, [ERROR]: User tester have no permissions in gtj project
2018-08-27 12:11:07,839, CategoryController, [ERROR]: There is no category with that id (-1)
2018-08-27 12:11:07,851, TaskController, [ERROR]: EndDate 2017-12-08 00:00:00 is before StartDate 2018-10-08 00:00:00
2018-08-27 12:11:07,976, ProjectController, [ERROR]: Incorrect password for tester
2018-08-27 12:11:07,977, UserController, [ERROR]: There is no user with 'test3r' username
2018-08-27 12:11:07,993, UserController, [ERROR]: There is no user with 'adm1n' username
2018-08-27 12:11:07,995, UserController, [ERROR]: There is no user with -1 id
2018-08-27 12:11:08,033, UserController, [ERROR]: Error. There is no user with username no_user
2018-08-27 12:11:08,035, UserController, [ERROR]: Error. User with name tester can't be registred. User with this name/email is already registed
2018-08-27 12:11:08,037, UserController, [ERROR]: Error. User with name tester can't be registred. User with this name/email is already registed
2018-08-27 12:11:25,485, ProjectController, [ERROR]: User tester have no permissions in gtj project
2018-08-27 12:11:26,821, ProjectController, [ERROR]: User tester is already exist in this project
2018-08-27 12:11:26,833, ProjectController, [ERROR]: Incorrect password for tester
2018-08-27 12:11:26,835, UserController, [ERROR]: There is no user with 'tester_no' username
2018-08-27 12:11:26,911, ProjectController, [ERROR]: User KReal is not exist
2018-08-27 12:11:26,943, ProjectController, [ERROR]: User tester have no permissions in gtj project
2018-08-27 12:11:26,973, CategoryController, [ERROR]: User tester have not permission to create category in this project
2018-08-27 12:11:26,986, CategoryController, [ERROR]: User KReal have not permission to create category in this project
2018-08-27 12:11:26,993, CategoryController, [ERROR]: User KReal have not permission to create category in this project
2018-08-27 12:11:27,001, CategoryController, [ERROR]: Incorrect password for tester
2018-08-27 12:11:27,003, UserController, [ERROR]: There is no user with 'tester111' username
2018-08-27 12:11:27,014, CategoryController, [ERROR]: User tester have not permission to create category in this project
2018-08-27 12:11:27,037, CategoryController, [ERROR]: User KReal have no permission to edit desc of test1
2018-08-27 12:11:27,046, CategoryController, [ERROR]: User tester have no permission to edit desc of gtj
2018-08-27 12:11:27,074, CategoryController, [ERROR]: There is no category with that id (-1)
2018-08-27 12:11:27,121, TaskController, [ERROR]: Task with this name is already exist
2018-08-27 12:11:27,122, TaskController, [ERROR]: EndDate 2017-12-08 00:00:00 is before StartDate 2018-10-08 00:00:00
2018-08-27 12:11:27,124, UserController, [ERROR]: There is no user with 'testerergb' username
2018-08-27 12:11:27,125, TaskController, [ERROR]: Incorrect password for tester
2018-08-27 12:11:27,134, ProjectController, [ERROR]: User tester have no permissions in gtj project
2018-08-27 12:11:27,144, CategoryController, [ERROR]: There is no category with that id (-1)
2018-08-27 12:11:27,160, TaskController, [ERROR]: EndDate 2017-12-08 00:00:00 is before StartDate 2018-10-08 00:00:00
2018-08-27 12:11:27,283, ProjectController, [ERROR]: Incorrect password for tester
2018-08-27 12:11:27,284, UserController, [ERROR]: There is no user with 'test3r' username
2018-08-27 12:11:27,301, UserController, [ERROR]: There is no user with 'adm1n' username
2018-08-27 12:11:27,302, UserController, [ERROR]: There is no user with -1 id
2018-08-27 12:11:27,371, UserController, [ERROR]: Error. There is no user with username no_user
2018-08-27 12:11:27,376, UserController, [ERROR]: Error. User with name tester can't be registred. User with this name/email is already registed
2018-08-27 12:11:27,383, UserController, [ERROR]: Error. User with name tester can't be registred. User with this name/email is already registed
2018-08-27 12:15:13,730, TaskController, [ERROR]: Task with this name is already exist
2018-08-27 12:15:13,731, TaskController, [ERROR]: EndDate 2017-12-08 00:00:00 is before StartDate 2018-10-08 00:00:00
2018-08-27 12:15:13,733, UserController, [ERROR]: There is no user with 'testerergb' username
2018-08-27 12:15:13,735, TaskController, [ERROR]: Incorrect password for tester
2018-08-27 12:15:13,743, ProjectController, [ERROR]: User tester have no permissions in gtj project
2018-08-27 12:15:13,754, CategoryController, [ERROR]: There is no category with that id (-1)
2018-08-27 12:15:13,766, TaskController, [ERROR]: EndDate 2017-12-08 00:00:00 is before StartDate 2018-10-08 00:00:00
2018-08-27 12:15:13,893, ProjectController, [ERROR]: Incorrect password for tester
2018-08-27 12:15:13,895, UserController, [ERROR]: There is no user with 'test3r' username
2018-08-27 12:16:31,120, TaskController, [ERROR]: Task with this name is already exist
2018-08-27 12:16:31,134, TaskController, [ERROR]: Task with this name is already exist
2018-08-27 12:16:31,135, TaskController, [ERROR]: EndDate 2017-12-08 00:00:00 is before StartDate 2018-10-08 00:00:00
2018-08-27 12:16:31,137, UserController, [ERROR]: There is no user with 'testerergb' username
2018-08-27 12:16:31,139, TaskController, [ERROR]: Incorrect password for tester
2018-08-27 12:16:31,145, ProjectController, [ERROR]: User tester have no permissions in gtj project
2018-08-27 12:16:31,155, CategoryController, [ERROR]: There is no category with that id (-1)
2018-08-27 12:16:31,166, TaskController, [ERROR]: EndDate 2017-12-08 00:00:00 is before StartDate 2018-10-08 00:00:00
2018-08-27 12:16:31,291, ProjectController, [ERROR]: Incorrect password for tester
2018-08-27 12:16:31,292, UserController, [ERROR]: There is no user with 'test3r' username
2018-08-27 12:16:48,708, TaskController, [ERROR]: Task with this name is already exist
2018-08-27 12:16:48,710, TaskController, [ERROR]: EndDate 2017-12-08 00:00:00 is before StartDate 2018-10-08 00:00:00
2018-08-27 12:16:48,712, UserController, [ERROR]: There is no user with 'testerergb' username
2018-08-27 12:16:48,713, TaskController, [ERROR]: Incorrect password for tester
2018-08-27 12:16:48,722, ProjectController, [ERROR]: User tester have no permissions in gtj project
2018-08-27 12:16:48,734, CategoryController, [ERROR]: There is no category with that id (-1)
2018-08-27 12:16:48,748, TaskController, [ERROR]: EndDate 2017-12-08 00:00:00 is before StartDate 2018-10-08 00:00:00
2018-08-27 12:16:48,876, ProjectController, [ERROR]: Incorrect password for tester
2018-08-27 12:16:48,877, UserController, [ERROR]: There is no user with 'test3r' username
2018-08-27 12:16:50,215, TaskController, [ERROR]: Task with this name is already exist
2018-08-27 12:16:50,226, TaskController, [ERROR]: Task with this name is already exist
2018-08-27 12:16:50,228, TaskController, [ERROR]: EndDate 2017-12-08 00:00:00 is before StartDate 2018-10-08 00:00:00
2018-08-27 12:16:50,230, UserController, [ERROR]: There is no user with 'testerergb' username
2018-08-27 12:16:50,232, TaskController, [ERROR]: Incorrect password for tester
2018-08-27 12:16:50,242, ProjectController, [ERROR]: User tester have no permissions in gtj project
2018-08-27 12:16:50,252, CategoryController, [ERROR]: There is no category with that id (-1)
2018-08-27 12:16:50,264, TaskController, [ERROR]: EndDate 2017-12-08 00:00:00 is before StartDate 2018-10-08 00:00:00
2018-08-27 12:16:50,400, ProjectController, [ERROR]: Incorrect password for tester
2018-08-27 12:16:50,404, UserController, [ERROR]: There is no user with 'test3r' username
2018-08-27 12:17:12,583, TaskController, [ERROR]: Task with this name is already exist
2018-08-27 12:17:12,585, TaskController, [ERROR]: EndDate 2017-12-08 00:00:00 is before StartDate 2018-10-08 00:00:00
2018-08-27 12:17:12,587, UserController, [ERROR]: There is no user with 'testerergb' username
2018-08-27 12:17:12,589, TaskController, [ERROR]: Incorrect password for tester
2018-08-27 12:17:12,597, ProjectController, [ERROR]: User tester have no permissions in gtj project
2018-08-27 12:17:12,607, CategoryController, [ERROR]: There is no category with that id (-1)
2018-08-27 12:17:12,627, TaskController, [ERROR]: EndDate 2017-12-08 00:00:00 is before StartDate 2018-10-08 00:00:00
2018-08-27 12:17:12,749, ProjectController, [ERROR]: Incorrect password for tester
2018-08-27 12:17:12,751, UserController, [ERROR]: There is no user with 'test3r' username
2018-08-27 12:19:20,118, TaskController, [ERROR]: Task with this name is already exist
2018-08-27 12:19:20,122, TaskController, [ERROR]: EndDate 2017-12-08 00:00:00 is before StartDate 2018-10-08 00:00:00
2018-08-27 12:19:20,124, UserController, [ERROR]: There is no user with 'testerergb' username
2018-08-27 12:19:20,126, TaskController, [ERROR]: Incorrect password for tester
2018-08-27 12:19:20,136, ProjectController, [ERROR]: User tester have no permissions in gtj project
2018-08-27 12:19:20,149, CategoryController, [ERROR]: There is no category with that id (-1)
2018-08-27 12:19:20,162, TaskController, [ERROR]: EndDate 2017-12-08 00:00:00 is before StartDate 2018-10-08 00:00:00
2018-08-27 12:19:20,294, ProjectController, [ERROR]: Incorrect password for tester
2018-08-27 12:19:20,295, UserController, [ERROR]: There is no user with 'test3r' username
2018-08-27 12:19:21,597, TaskController, [ERROR]: Task with this name is already exist
2018-08-27 12:19:21,599, TaskController, [ERROR]: EndDate 2017-12-08 00:00:00 is before StartDate 2018-10-08 00:00:00
2018-08-27 12:19:21,600, UserController, [ERROR]: There is no user with 'testerergb' username
2018-08-27 12:19:21,602, TaskController, [ERROR]: Incorrect password for tester
2018-08-27 12:19:21,610, ProjectController, [ERROR]: User tester have no permissions in gtj project
2018-08-27 12:19:21,622, CategoryController, [ERROR]: There is no category with that id (-1)
2018-08-27 12:19:21,634, TaskController, [ERROR]: EndDate 2017-12-08 00:00:00 is before StartDate 2018-10-08 00:00:00
2018-08-27 12:19:21,774, ProjectController, [ERROR]: Incorrect password for tester
2018-08-27 12:19:21,776, UserController, [ERROR]: There is no user with 'test3r' username
2018-08-27 12:19:23,111, TaskController, [ERROR]: Task with this name is already exist
2018-08-27 12:19:23,115, TaskController, [ERROR]: EndDate 2017-12-08 00:00:00 is before StartDate 2018-10-08 00:00:00
2018-08-27 12:19:23,116, UserController, [ERROR]: There is no user with 'testerergb' username
2018-08-27 12:19:23,118, TaskController, [ERROR]: Incorrect password for tester
2018-08-27 12:19:23,126, ProjectController, [ERROR]: User tester have no permissions in gtj project
2018-08-27 12:19:23,138, CategoryController, [ERROR]: There is no category with that id (-1)
2018-08-27 12:19:23,150, TaskController, [ERROR]: EndDate 2017-12-08 00:00:00 is before StartDate 2018-10-08 00:00:00
2018-08-27 12:19:23,273, ProjectController, [ERROR]: Incorrect password for tester
2018-08-27 12:19:23,275, UserController, [ERROR]: There is no user with 'test3r' username
2018-08-27 12:19:24,360, TaskController, [ERROR]: Task with this name is already exist
2018-08-27 12:19:24,363, TaskController, [ERROR]: EndDate 2017-12-08 00:00:00 is before StartDate 2018-10-08 00:00:00
2018-08-27 12:19:24,365, UserController, [ERROR]: There is no user with 'testerergb' username
2018-08-27 12:19:24,367, TaskController, [ERROR]: Incorrect password for tester
2018-08-27 12:19:24,374, ProjectController, [ERROR]: User tester have no permissions in gtj project
2018-08-27 12:19:24,386, CategoryController, [ERROR]: There is no category with that id (-1)
2018-08-27 12:19:24,396, TaskController, [ERROR]: EndDate 2017-12-08 00:00:00 is before StartDate 2018-10-08 00:00:00
2018-08-27 12:19:24,530, ProjectController, [ERROR]: Incorrect password for tester
2018-08-27 12:19:24,531, UserController, [ERROR]: There is no user with 'test3r' username
2018-08-27 12:19:25,482, TaskController, [ERROR]: Task with this name is already exist
2018-08-27 12:19:25,483, TaskController, [ERROR]: EndDate 2017-12-08 00:00:00 is before StartDate 2018-10-08 00:00:00
2018-08-27 12:19:25,485, UserController, [ERROR]: There is no user with 'testerergb' username
2018-08-27 12:19:25,487, TaskController, [ERROR]: Incorrect password for tester
2018-08-27 12:19:25,500, ProjectController, [ERROR]: User tester have no permissions in gtj project
2018-08-27 12:19:25,517, CategoryController, [ERROR]: There is no category with that id (-1)
2018-08-27 12:19:25,529, TaskController, [ERROR]: EndDate 2017-12-08 00:00:00 is before StartDate 2018-10-08 00:00:00
2018-08-27 12:19:25,760, ProjectController, [ERROR]: Incorrect password for tester
2018-08-27 12:19:25,762, UserController, [ERROR]: There is no user with 'test3r' username
2018-08-27 12:23:01,437, TaskController, [ERROR]: Task with this name is already exist
2018-08-27 12:23:01,440, TaskController, [ERROR]: EndDate 2017-12-08 00:00:00 is before StartDate 2018-10-08 00:00:00
2018-08-27 12:23:01,442, UserController, [ERROR]: There is no user with 'testerergb' username
2018-08-27 12:23:01,444, TaskController, [ERROR]: Incorrect password for tester
2018-08-27 12:23:01,454, ProjectController, [ERROR]: User tester have no permissions in gtj project
2018-08-27 12:23:01,464, CategoryController, [ERROR]: There is no category with that id (-1)
2018-08-27 12:23:01,476, TaskController, [ERROR]: EndDate 2017-12-08 00:00:00 is before StartDate 2018-10-08 00:00:00
2018-08-27 12:23:01,614, ProjectController, [ERROR]: Incorrect password for tester
2018-08-27 12:23:01,615, UserController, [ERROR]: There is no user with 'test3r' username
2018-08-27 12:23:15,184, TaskController, [ERROR]: Task with this name is already exist
2018-08-27 12:23:15,186, TaskController, [ERROR]: EndDate 2017-12-08 00:00:00 is before StartDate 2018-10-08 00:00:00
2018-08-27 12:23:15,188, UserController, [ERROR]: There is no user with 'testerergb' username
2018-08-27 12:23:15,190, TaskController, [ERROR]: Incorrect password for tester
2018-08-27 12:23:15,198, ProjectController, [ERROR]: User tester have no permissions in gtj project
2018-08-27 12:23:15,209, CategoryController, [ERROR]: There is no category with that id (-1)
2018-08-27 12:23:15,220, TaskController, [ERROR]: EndDate 2017-12-08 00:00:00 is before StartDate 2018-10-08 00:00:00
2018-08-27 12:23:15,362, ProjectController, [ERROR]: Incorrect password for tester
2018-08-27 12:23:15,364, UserController, [ERROR]: There is no user with 'test3r' username
2018-08-27 12:23:22,751, TaskController, [ERROR]: Task with this name is already exist
2018-08-27 12:23:22,753, TaskController, [ERROR]: EndDate 2017-12-08 00:00:00 is before StartDate 2018-10-08 00:00:00
2018-08-27 12:23:22,755, UserController, [ERROR]: There is no user with 'testerergb' username
2018-08-27 12:23:22,756, TaskController, [ERROR]: Incorrect password for tester
2018-08-27 12:23:22,766, ProjectController, [ERROR]: User tester have no permissions in gtj project
2018-08-27 12:23:22,777, CategoryController, [ERROR]: There is no category with that id (-1)
2018-08-27 12:23:22,787, TaskController, [ERROR]: EndDate 2017-12-08 00:00:00 is before StartDate 2018-10-08 00:00:00
2018-08-27 12:23:22,934, ProjectController, [ERROR]: Incorrect password for tester
2018-08-27 12:23:22,936, UserController, [ERROR]: There is no user with 'test3r' username
2018-08-27 12:23:40,838, TaskController, [ERROR]: Task with this name is already exist
2018-08-27 12:23:40,840, TaskController, [ERROR]: EndDate 2017-12-08 00:00:00 is before StartDate 2018-10-08 00:00:00
2018-08-27 12:23:40,843, UserController, [ERROR]: There is no user with 'testerergb' username
2018-08-27 12:23:40,845, TaskController, [ERROR]: Incorrect password for tester
2018-08-27 12:23:40,853, ProjectController, [ERROR]: User tester have no permissions in gtj project
2018-08-27 12:23:40,866, CategoryController, [ERROR]: There is no category with that id (-1)
2018-08-27 12:23:40,877, TaskController, [ERROR]: EndDate 2017-12-08 00:00:00 is before StartDate 2018-10-08 00:00:00
2018-08-27 12:23:41,006, ProjectController, [ERROR]: Incorrect password for tester
2018-08-27 12:23:41,008, UserController, [ERROR]: There is no user with 'test3r' username
2018-08-27 12:23:41,983, TaskController, [ERROR]: Task with this name is already exist
2018-08-27 12:23:41,985, TaskController, [ERROR]: EndDate 2017-12-08 00:00:00 is before StartDate 2018-10-08 00:00:00
2018-08-27 12:23:41,987, UserController, [ERROR]: There is no user with 'testerergb' username
2018-08-27 12:23:41,989, TaskController, [ERROR]: Incorrect password for tester
2018-08-27 12:23:41,997, ProjectController, [ERROR]: User tester have no permissions in gtj project
2018-08-27 12:23:42,008, CategoryController, [ERROR]: There is no category with that id (-1)
2018-08-27 12:23:42,020, TaskController, [ERROR]: EndDate 2017-12-08 00:00:00 is before StartDate 2018-10-08 00:00:00
2018-08-27 12:23:42,151, ProjectController, [ERROR]: Incorrect password for tester
2018-08-27 12:23:42,152, UserController, [ERROR]: There is no user with 'test3r' username
2018-08-27 12:23:43,061, TaskController, [ERROR]: Task with this name is already exist
2018-08-27 12:23:43,062, TaskController, [ERROR]: EndDate 2017-12-08 00:00:00 is before StartDate 2018-10-08 00:00:00
2018-08-27 12:23:43,064, UserController, [ERROR]: There is no user with 'testerergb' username
2018-08-27 12:23:43,066, TaskController, [ERROR]: Incorrect password for tester
2018-08-27 12:23:43,076, ProjectController, [ERROR]: User tester have no permissions in gtj project
2018-08-27 12:23:43,087, CategoryController, [ERROR]: There is no category with that id (-1)
2018-08-27 12:23:43,099, TaskController, [ERROR]: EndDate 2017-12-08 00:00:00 is before StartDate 2018-10-08 00:00:00
2018-08-27 12:23:43,224, ProjectController, [ERROR]: Incorrect password for tester
2018-08-27 12:23:43,226, UserController, [ERROR]: There is no user with 'test3r' username
2018-08-27 12:25:48,085, TaskController, [ERROR]: Task with this name is already exist
2018-08-27 12:25:48,090, TaskController, [ERROR]: EndDate 2017-12-08 00:00:00 is before StartDate 2018-10-08 00:00:00
2018-08-27 12:25:48,093, UserController, [ERROR]: There is no user with 'testerergb' username
2018-08-27 12:25:48,096, TaskController, [ERROR]: Incorrect password for tester
2018-08-27 12:25:48,108, ProjectController, [ERROR]: User tester have no permissions in gtj project
2018-08-27 12:25:48,121, CategoryController, [ERROR]: There is no category with that id (-1)
2018-08-27 12:25:48,132, TaskController, [ERROR]: EndDate 2017-12-08 00:00:00 is before StartDate 2018-10-08 00:00:00
2018-08-27 12:25:48,289, ProjectController, [ERROR]: Incorrect password for tester
2018-08-27 12:25:48,290, UserController, [ERROR]: There is no user with 'test3r' username
2018-08-27 12:26:24,565, TaskController, [ERROR]: Task with this name is already exist
2018-08-27 12:26:24,567, TaskController, [ERROR]: EndDate 2017-12-08 00:00:00 is before StartDate 2018-10-08 00:00:00
2018-08-27 12:26:24,569, UserController, [ERROR]: There is no user with 'testerergb' username
2018-08-27 12:26:24,571, TaskController, [ERROR]: Incorrect password for tester
2018-08-27 12:26:24,580, ProjectController, [ERROR]: User tester have no permissions in gtj project
2018-08-27 12:26:24,594, CategoryController, [ERROR]: There is no category with that id (-1)
2018-08-27 12:26:24,606, TaskController, [ERROR]: EndDate 2017-12-08 00:00:00 is before StartDate 2018-10-08 00:00:00
2018-08-27 12:26:24,751, ProjectController, [ERROR]: Incorrect password for tester
2018-08-27 12:26:24,753, UserController, [ERROR]: There is no user with 'test3r' username
2018-08-27 12:27:45,183, TaskController, [ERROR]: Task with this name is already exist
2018-08-27 12:27:45,185, TaskController, [ERROR]: EndDate 2017-12-08 00:00:00 is before StartDate 2018-10-08 00:00:00
2018-08-27 12:27:45,187, UserController, [ERROR]: There is no user with 'testerergb' username
2018-08-27 12:27:45,189, TaskController, [ERROR]: Incorrect password for tester
2018-08-27 12:27:45,201, ProjectController, [ERROR]: User tester have no permissions in gtj project
2018-08-27 12:27:45,214, CategoryController, [ERROR]: There is no category with that id (-1)
2018-08-27 12:27:45,229, TaskController, [ERROR]: EndDate 2017-12-08 00:00:00 is before StartDate 2018-10-08 00:00:00
2018-08-27 12:27:45,371, ProjectController, [ERROR]: Incorrect password for tester
2018-08-27 12:27:45,373, UserController, [ERROR]: There is no user with 'test3r' username
2018-08-27 12:28:20,593, TaskController, [ERROR]: Task with this name is already exist
2018-08-27 12:28:20,595, TaskController, [ERROR]: EndDate 2017-12-08 00:00:00 is before StartDate 2018-10-08 00:00:00
2018-08-27 12:28:20,597, UserController, [ERROR]: There is no user with 'testerergb' username
2018-08-27 12:28:20,599, TaskController, [ERROR]: Incorrect password for tester
2018-08-27 12:28:20,609, ProjectController, [ERROR]: User tester have no permissions in gtj project
2018-08-27 12:28:20,622, CategoryController, [ERROR]: There is no category with that id (-1)
2018-08-27 12:28:20,636, TaskController, [ERROR]: EndDate 2017-12-08 00:00:00 is before StartDate 2018-10-08 00:00:00
2018-08-27 12:28:20,781, ProjectController, [ERROR]: Incorrect password for tester
2018-08-27 12:28:20,783, UserController, [ERROR]: There is no user with 'test3r' username
2018-08-27 12:29:11,329, TaskController, [ERROR]: Task with this name is already exist
2018-08-27 12:29:11,334, TaskController, [ERROR]: EndDate 2017-12-08 00:00:00 is before StartDate 2018-10-08 00:00:00
2018-08-27 12:29:11,335, UserController, [ERROR]: There is no user with 'testerergb' username
2018-08-27 12:29:11,337, TaskController, [ERROR]: Incorrect password for tester
2018-08-27 12:29:11,347, ProjectController, [ERROR]: User tester have no permissions in gtj project
2018-08-27 12:29:11,358, CategoryController, [ERROR]: There is no category with that id (-1)
2018-08-27 12:29:11,369, TaskController, [ERROR]: EndDate 2017-12-08 00:00:00 is before StartDate 2018-10-08 00:00:00
2018-08-27 12:29:11,524, ProjectController, [ERROR]: Incorrect password for tester
2018-08-27 12:29:11,526, UserController, [ERROR]: There is no user with 'test3r' username
2018-08-27 12:30:52,013, TaskController, [ERROR]: Task with this name is already exist
2018-08-27 12:30:52,016, TaskController, [ERROR]: EndDate 2017-12-08 00:00:00 is before StartDate 2018-10-08 00:00:00
2018-08-27 12:30:52,018, UserController, [ERROR]: There is no user with 'testerergb' username
2018-08-27 12:30:52,020, TaskController, [ERROR]: Incorrect password for tester
2018-08-27 12:30:52,031, ProjectController, [ERROR]: User tester have no permissions in gtj project
2018-08-27 12:30:52,041, CategoryController, [ERROR]: There is no category with that id (-1)
2018-08-27 12:30:52,054, TaskController, [ERROR]: EndDate 2017-12-08 00:00:00 is before StartDate 2018-10-08 00:00:00
2018-08-27 12:30:52,189, ProjectController, [ERROR]: Incorrect password for tester
2018-08-27 12:30:52,191, UserController, [ERROR]: There is no user with 'test3r' username
2018-08-27 12:31:26,438, TaskController, [ERROR]: Task with this name is already exist
2018-08-27 12:31:26,439, TaskController, [ERROR]: EndDate 2017-12-08 00:00:00 is before StartDate 2018-10-08 00:00:00
2018-08-27 12:31:26,441, UserController, [ERROR]: There is no user with 'testerergb' username
2018-08-27 12:31:26,443, TaskController, [ERROR]: Incorrect password for tester
2018-08-27 12:31:26,451, ProjectController, [ERROR]: User tester have no permissions in gtj project
2018-08-27 12:31:26,463, CategoryController, [ERROR]: There is no category with that id (-1)
2018-08-27 12:31:26,474, TaskController, [ERROR]: EndDate 2017-12-08 00:00:00 is before StartDate 2018-10-08 00:00:00
2018-08-27 12:31:26,618, ProjectController, [ERROR]: Incorrect password for tester
2018-08-27 12:31:26,620, UserController, [ERROR]: There is no user with 'test3r' username
2018-08-27 12:34:58,434, UserController, [ERROR]: There is no user with 'testerfrgbhng' username
2018-08-27 12:34:58,484, TaskController, [ERROR]: Task with this name is already exist
2018-08-27 12:34:58,486, TaskController, [ERROR]: EndDate 2017-12-08 00:00:00 is before StartDate 2018-10-08 00:00:00
2018-08-27 12:34:58,488, UserController, [ERROR]: There is no user with 'testerergb' username
2018-08-27 12:34:58,490, TaskController, [ERROR]: Incorrect password for tester
2018-08-27 12:34:58,498, ProjectController, [ERROR]: User tester have no permissions in gtj project
2018-08-27 12:34:58,510, CategoryController, [ERROR]: There is no category with that id (-1)
2018-08-27 12:34:58,519, TaskController, [ERROR]: EndDate 2017-12-08 00:00:00 is before StartDate 2018-10-08 00:00:00
2018-08-27 12:34:58,674, ProjectController, [ERROR]: Incorrect password for tester
2018-08-27 12:34:58,675, UserController, [ERROR]: There is no user with 'test3r' username
2018-08-27 12:35:08,744, UserController, [ERROR]: There is no user with 'testerfrgbhng' username
2018-08-27 12:35:08,802, TaskController, [ERROR]: Task with this name is already exist
2018-08-27 12:35:08,803, TaskController, [ERROR]: EndDate 2017-12-08 00:00:00 is before StartDate 2018-10-08 00:00:00
2018-08-27 12:35:08,805, UserController, [ERROR]: There is no user with 'testerergb' username
2018-08-27 12:35:08,807, TaskController, [ERROR]: Incorrect password for tester
2018-08-27 12:35:08,815, ProjectController, [ERROR]: User tester have no permissions in gtj project
2018-08-27 12:35:08,827, CategoryController, [ERROR]: There is no category with that id (-1)
2018-08-27 12:35:08,839, TaskController, [ERROR]: EndDate 2017-12-08 00:00:00 is before StartDate 2018-10-08 00:00:00
2018-08-27 12:35:08,978, ProjectController, [ERROR]: Incorrect password for tester
2018-08-27 12:35:08,980, UserController, [ERROR]: There is no user with 'test3r' username
2018-08-27 12:35:17,159, ProjectController, [ERROR]: User tester have no permissions in gtj project
2018-08-27 12:35:17,604, ProjectController, [ERROR]: User tester is already exist in this project
2018-08-27 12:35:17,622, ProjectController, [ERROR]: Incorrect password for tester
2018-08-27 12:35:17,625, UserController, [ERROR]: There is no user with 'tester_no' username
2018-08-27 12:35:17,724, ProjectController, [ERROR]: User KReal is not exist
2018-08-27 12:35:17,764, ProjectController, [ERROR]: User tester have no permissions in gtj project
2018-08-27 12:35:17,793, CategoryController, [ERROR]: User tester have not permission to create category in this project
2018-08-27 12:35:17,806, CategoryController, [ERROR]: User KReal have not permission to create category in this project
2018-08-27 12:35:17,814, CategoryController, [ERROR]: User KReal have not permission to create category in this project
2018-08-27 12:35:17,824, CategoryController, [ERROR]: Incorrect password for tester
2018-08-27 12:35:17,826, UserController, [ERROR]: There is no user with 'tester111' username
2018-08-27 12:35:17,838, CategoryController, [ERROR]: User tester have not permission to create category in this project
2018-08-27 12:35:17,864, CategoryController, [ERROR]: User KReal have no permission to edit desc of test1
2018-08-27 12:35:17,874, CategoryController, [ERROR]: User tester have no permission to edit desc of gtj
2018-08-27 12:35:17,901, CategoryController, [ERROR]: There is no category with that id (-1)
2018-08-27 12:35:17,947, UserController, [ERROR]: There is no user with 'testerfrgbhng' username
2018-08-27 12:35:17,985, TaskController, [ERROR]: Task with this name is already exist
2018-08-27 12:35:17,987, TaskController, [ERROR]: EndDate 2017-12-08 00:00:00 is before StartDate 2018-10-08 00:00:00
2018-08-27 12:35:17,988, UserController, [ERROR]: There is no user with 'testerergb' username
2018-08-27 12:35:17,990, TaskController, [ERROR]: Incorrect password for tester
2018-08-27 12:35:18,000, ProjectController, [ERROR]: User tester have no permissions in gtj project
2018-08-27 12:35:18,010, CategoryController, [ERROR]: There is no category with that id (-1)
2018-08-27 12:35:18,023, TaskController, [ERROR]: EndDate 2017-12-08 00:00:00 is before StartDate 2018-10-08 00:00:00
2018-08-27 12:35:18,179, ProjectController, [ERROR]: Incorrect password for tester
2018-08-27 12:35:18,181, UserController, [ERROR]: There is no user with 'test3r' username
2018-08-27 12:35:18,186, UserController, [ERROR]: There is no user with 'adm1n' username
2018-08-27 12:35:18,187, UserController, [ERROR]: There is no user with -1 id
2018-08-27 12:35:18,207, UserController, [ERROR]: Error. There is no user with username no_user
2018-08-27 12:35:18,209, UserController, [ERROR]: Error. User with name tester can't be registred. User with this name/email is already registed
2018-08-27 12:35:18,210, UserController, [ERROR]: Error. User with name tester can't be registred. User with this name/email is already registed
2018-08-27 12:40:33,554, UserController, [ERROR]: There is no user with 'testerfrgbhng' username
2018-08-27 12:40:33,617, TaskController, [ERROR]: Task with this name is already exist
2018-08-27 12:40:33,619, TaskController, [ERROR]: EndDate 2017-12-08 00:00:00 is before StartDate 2018-10-08 00:00:00
2018-08-27 12:40:33,621, UserController, [ERROR]: There is no user with 'testerergb' username
2018-08-27 12:40:33,622, TaskController, [ERROR]: Incorrect password for tester
2018-08-27 12:40:33,632, ProjectController, [ERROR]: User tester have no permissions in gtj project
2018-08-27 12:40:33,644, CategoryController, [ERROR]: There is no category with that id (-1)
2018-08-27 12:40:33,658, TaskController, [ERROR]: EndDate 2017-12-08 00:00:00 is before StartDate 2018-10-08 00:00:00
2018-08-27 12:40:33,799, ProjectController, [ERROR]: Incorrect password for tester
2018-08-27 12:40:33,801, UserController, [ERROR]: There is no user with 'test3r' username
2018-08-27 12:41:48,673, UserController, [ERROR]: There is no user with 'testeer' username
2018-08-27 12:41:48,702, UserController, [ERROR]: There is no user with 'testerfrgbhng' username
2018-08-27 12:41:48,759, TaskController, [ERROR]: Task with this name is already exist
2018-08-27 12:41:48,761, TaskController, [ERROR]: EndDate 2017-12-08 00:00:00 is before StartDate 2018-10-08 00:00:00
2018-08-27 12:41:48,763, UserController, [ERROR]: There is no user with 'testerergb' username
2018-08-27 12:41:48,764, TaskController, [ERROR]: Incorrect password for tester
2018-08-27 12:41:48,773, ProjectController, [ERROR]: User tester have no permissions in gtj project
2018-08-27 12:41:48,784, CategoryController, [ERROR]: There is no category with that id (-1)
2018-08-27 12:41:48,795, TaskController, [ERROR]: EndDate 2017-12-08 00:00:00 is before StartDate 2018-10-08 00:00:00
2018-08-27 12:41:48,953, ProjectController, [ERROR]: Incorrect password for tester
2018-08-27 12:41:48,954, UserController, [ERROR]: There is no user with 'test3r' username
2018-08-27 12:42:26,303, UserController, [ERROR]: There is no user with 'testeer' username
2018-08-27 12:42:26,331, UserController, [ERROR]: There is no user with 'testerfrgbhng' username
2018-08-27 12:42:26,636, TaskController, [ERROR]: Task with this name is already exist
2018-08-27 12:42:26,638, TaskController, [ERROR]: EndDate 2017-12-08 00:00:00 is before StartDate 2018-10-08 00:00:00
2018-08-27 12:42:26,641, UserController, [ERROR]: There is no user with 'testerergb' username
2018-08-27 12:42:26,644, TaskController, [ERROR]: Incorrect password for tester
2018-08-27 12:42:26,658, ProjectController, [ERROR]: User tester have no permissions in gtj project
2018-08-27 12:42:26,671, CategoryController, [ERROR]: There is no category with that id (-1)
2018-08-27 12:42:26,681, TaskController, [ERROR]: EndDate 2017-12-08 00:00:00 is before StartDate 2018-10-08 00:00:00
2018-08-27 12:42:26,849, ProjectController, [ERROR]: Incorrect password for tester
2018-08-27 12:42:26,850, UserController, [ERROR]: There is no user with 'test3r' username
2018-08-27 12:42:53,011, ProjectController, [ERROR]: User tester have no permissions in gtj project
2018-08-27 12:42:53,458, ProjectController, [ERROR]: User tester is already exist in this project
2018-08-27 12:42:53,471, ProjectController, [ERROR]: Incorrect password for tester
2018-08-27 12:42:53,473, UserController, [ERROR]: There is no user with 'tester_no' username
2018-08-27 12:42:53,564, ProjectController, [ERROR]: User KReal is not exist
2018-08-27 12:42:53,598, ProjectController, [ERROR]: User tester have no permissions in gtj project
2018-08-27 12:42:53,633, CategoryController, [ERROR]: User tester have not permission to create category in this project
2018-08-27 12:42:53,648, CategoryController, [ERROR]: User KReal have not permission to create category in this project
2018-08-27 12:42:53,656, CategoryController, [ERROR]: User KReal have not permission to create category in this project
2018-08-27 12:42:53,667, CategoryController, [ERROR]: Incorrect password for tester
2018-08-27 12:42:53,669, UserController, [ERROR]: There is no user with 'tester111' username
2018-08-27 12:42:53,681, CategoryController, [ERROR]: User tester have not permission to create category in this project
2018-08-27 12:42:53,704, CategoryController, [ERROR]: User KReal have no permission to edit desc of test1
2018-08-27 12:42:53,715, CategoryController, [ERROR]: User tester have no permission to edit desc of gtj
2018-08-27 12:42:53,739, CategoryController, [ERROR]: There is no category with that id (-1)
2018-08-27 12:42:53,793, UserController, [ERROR]: There is no user with 'testeer' username
2018-08-27 12:42:53,812, UserController, [ERROR]: There is no user with 'testerfrgbhng' username
2018-08-27 12:42:53,850, TaskController, [ERROR]: Task with this name is already exist
2018-08-27 12:42:53,852, TaskController, [ERROR]: EndDate 2017-12-08 00:00:00 is before StartDate 2018-10-08 00:00:00
2018-08-27 12:42:53,853, UserController, [ERROR]: There is no user with 'testerergb' username
2018-08-27 12:42:53,855, TaskController, [ERROR]: Incorrect password for tester
2018-08-27 12:42:53,863, ProjectController, [ERROR]: User tester have no permissions in gtj project
2018-08-27 12:42:53,874, CategoryController, [ERROR]: There is no category with that id (-1)
2018-08-27 12:42:53,896, TaskController, [ERROR]: EndDate 2017-12-08 00:00:00 is before StartDate 2018-10-08 00:00:00
2018-08-27 12:42:54,044, ProjectController, [ERROR]: Incorrect password for tester
2018-08-27 12:42:54,045, UserController, [ERROR]: There is no user with 'test3r' username
2018-08-27 12:42:54,051, UserController, [ERROR]: There is no user with 'adm1n' username
2018-08-27 12:42:54,053, UserController, [ERROR]: There is no user with -1 id
2018-08-27 12:42:54,071, UserController, [ERROR]: Error. There is no user with username no_user
2018-08-27 12:42:54,073, UserController, [ERROR]: Error. User with name tester can't be registred. User with this name/email is already registed
2018-08-27 12:42:54,075, UserController, [ERROR]: Error. User with name tester can't be registred. User with this name/email is already registed
2018-08-27 12:44:30,192, TaskController, [ERROR]: Incorrect password for tester
2018-08-27 12:44:30,194, UserController, [ERROR]: There is no user with 'tefrgster' username
2018-08-27 12:44:30,230, UserController, [ERROR]: There is no user with 'testeer' username
2018-08-27 12:44:30,251, UserController, [ERROR]: There is no user with 'testerfrgbhng' username
2018-08-27 12:44:30,296, TaskController, [ERROR]: Task with this name is already exist
2018-08-27 12:44:30,298, TaskController, [ERROR]: EndDate 2017-12-08 00:00:00 is before StartDate 2018-10-08 00:00:00
2018-08-27 12:44:30,300, UserController, [ERROR]: There is no user with 'testerergb' username
2018-08-27 12:44:30,301, TaskController, [ERROR]: Incorrect password for tester
2018-08-27 12:44:30,311, ProjectController, [ERROR]: User tester have no permissions in gtj project
2018-08-27 12:44:30,321, CategoryController, [ERROR]: There is no category with that id (-1)
2018-08-27 12:44:30,333, TaskController, [ERROR]: EndDate 2017-12-08 00:00:00 is before StartDate 2018-10-08 00:00:00
2018-08-27 12:44:30,481, ProjectController, [ERROR]: Incorrect password for tester
2018-08-27 12:44:30,482, UserController, [ERROR]: There is no user with 'test3r' username
2018-08-27 12:44:38,571, ProjectController, [ERROR]: User tester have no permissions in gtj project
2018-08-27 12:44:39,010, ProjectController, [ERROR]: User tester is already exist in this project
2018-08-27 12:44:39,029, ProjectController, [ERROR]: Incorrect password for tester
2018-08-27 12:44:39,031, UserController, [ERROR]: There is no user with 'tester_no' username
2018-08-27 12:44:39,119, ProjectController, [ERROR]: User KReal is not exist
2018-08-27 12:44:39,156, ProjectController, [ERROR]: User tester have no permissions in gtj project
2018-08-27 12:44:39,189, CategoryController, [ERROR]: User tester have not permission to create category in this project
2018-08-27 12:44:39,202, CategoryController, [ERROR]: User KReal have not permission to create category in this project
2018-08-27 12:44:39,208, CategoryController, [ERROR]: User KReal have not permission to create category in this project
2018-08-27 12:44:39,220, CategoryController, [ERROR]: Incorrect password for tester
2018-08-27 12:44:39,222, UserController, [ERROR]: There is no user with 'tester111' username
2018-08-27 12:44:39,231, CategoryController, [ERROR]: User tester have not permission to create category in this project
2018-08-27 12:44:39,256, CategoryController, [ERROR]: User KReal have no permission to edit desc of test1
2018-08-27 12:44:39,265, CategoryController, [ERROR]: User tester have no permission to edit desc of gtj
2018-08-27 12:44:39,291, CategoryController, [ERROR]: There is no category with that id (-1)
2018-08-27 12:44:39,437, TaskController, [ERROR]: Incorrect password for tester
2018-08-27 12:44:39,438, UserController, [ERROR]: There is no user with 'tefrgster' username
2018-08-27 12:44:39,490, UserController, [ERROR]: There is no user with 'testeer' username
2018-08-27 12:44:39,510, UserController, [ERROR]: There is no user with 'testerfrgbhng' username
2018-08-27 12:44:39,557, TaskController, [ERROR]: Task with this name is already exist
2018-08-27 12:44:39,559, TaskController, [ERROR]: EndDate 2017-12-08 00:00:00 is before StartDate 2018-10-08 00:00:00
2018-08-27 12:44:39,561, UserController, [ERROR]: There is no user with 'testerergb' username
2018-08-27 12:44:39,562, TaskController, [ERROR]: Incorrect password for tester
2018-08-27 12:44:39,570, ProjectController, [ERROR]: User tester have no permissions in gtj project
2018-08-27 12:44:39,582, CategoryController, [ERROR]: There is no category with that id (-1)
2018-08-27 12:44:39,593, TaskController, [ERROR]: EndDate 2017-12-08 00:00:00 is before StartDate 2018-10-08 00:00:00
2018-08-27 12:44:39,732, ProjectController, [ERROR]: Incorrect password for tester
2018-08-27 12:44:39,735, UserController, [ERROR]: There is no user with 'test3r' username
2018-08-27 12:44:39,743, UserController, [ERROR]: There is no user with 'adm1n' username
2018-08-27 12:44:39,744, UserController, [ERROR]: There is no user with -1 id
2018-08-27 12:44:39,762, UserController, [ERROR]: Error. There is no user with username no_user
2018-08-27 12:44:39,764, UserController, [ERROR]: Error. User with name tester can't be registred. User with this name/email is already registed
2018-08-27 12:44:39,766, UserController, [ERROR]: Error. User with name tester can't be registred. User with this name/email is already registed
2018-08-27 15:06:13,146, UserController, [ERROR]: There is no user with 'ArgParser1' username
2018-08-27 15:06:18,042, ProjectController, [ERROR]: Incorrect password for ArgParser
2018-08-27 15:06:27,977, UserController, [ERROR]: There is no user with 'ArgParser1' username
2018-08-27 15:06:32,044, ProjectController, [ERROR]: Incorrect password for ArgParser
